<?xml version="1.0" encoding="UTF-8"?>
<robot generator="Robot 4.1.2 (Python 3.10.0a6 on linux)" generated="20211213 12:05:56.693" rpa="false" schemaversion="2">
<suite id="s1" name="Tests" source="/src/tests">
<suite id="s1-s1" name="Add Bookmark" source="/src/tests/add_bookmark.robot">
<kw name="Open And Configure Browser" library="resource" type="SETUP">
<kw name="Open Browser" library="SeleniumLibrary">
<arg>browser=${BROWSER}</arg>
<arg>options= add_argument("--no-sandbox"); add_argument("--disable-dev-shm-usage")</arg>
<doc>Opens a new browser instance to the optional ``url``.</doc>
<msg timestamp="20211213 12:05:57.031" level="INFO">Opening browser 'headlesschrome' to base url 'None'.</msg>
<status status="PASS" starttime="20211213 12:05:57.031" endtime="20211213 12:05:57.743"/>
</kw>
<kw name="Set Selenium Speed" library="SeleniumLibrary">
<arg>${DELAY}</arg>
<doc>Sets the delay that is waited after each Selenium command.</doc>
<status status="PASS" starttime="20211213 12:05:57.743" endtime="20211213 12:05:57.744"/>
</kw>
<kw name="Go To" library="SeleniumLibrary">
<arg>${LOGIN URL}</arg>
<doc>Navigates the current browser window to the provided ``url``.</doc>
<msg timestamp="20211213 12:05:57.744" level="INFO">Opening url 'http://localhost:5000/login'</msg>
<status status="PASS" starttime="20211213 12:05:57.744" endtime="20211213 12:05:57.872"/>
</kw>
<kw name="Input Text" library="SeleniumLibrary">
<arg>username</arg>
<arg>testi</arg>
<doc>Types the given ``text`` into the text field identified by ``locator``.</doc>
<msg timestamp="20211213 12:05:57.872" level="INFO">Typing text 'testi' into text field 'username'.</msg>
<status status="PASS" starttime="20211213 12:05:57.872" endtime="20211213 12:05:57.958"/>
</kw>
<kw name="Input Text" library="SeleniumLibrary">
<arg>password</arg>
<arg>testi</arg>
<doc>Types the given ``text`` into the text field identified by ``locator``.</doc>
<msg timestamp="20211213 12:05:57.959" level="INFO">Typing text 'testi' into text field 'password'.</msg>
<status status="PASS" starttime="20211213 12:05:57.958" endtime="20211213 12:05:58.041"/>
</kw>
<kw name="Click Button" library="SeleniumLibrary">
<arg>submitLogin</arg>
<doc>Clicks the button identified by ``locator``.</doc>
<msg timestamp="20211213 12:05:58.041" level="INFO">Clicking button 'submitLogin'.</msg>
<status status="PASS" starttime="20211213 12:05:58.041" endtime="20211213 12:05:58.429"/>
</kw>
<status status="PASS" starttime="20211213 12:05:57.030" endtime="20211213 12:05:58.429"/>
</kw>
<test id="s1-s1-t1" name="Click Home Page Link">
<kw name="Go to Add Bookmark Page" library="resource" type="SETUP">
<kw name="Go To" library="SeleniumLibrary">
<arg>${ADD URL}</arg>
<doc>Navigates the current browser window to the provided ``url``.</doc>
<msg timestamp="20211213 12:05:58.432" level="INFO">Opening url 'http://localhost:5000/add_bookmark'</msg>
<status status="PASS" starttime="20211213 12:05:58.431" endtime="20211213 12:05:58.494"/>
</kw>
<status status="PASS" starttime="20211213 12:05:58.431" endtime="20211213 12:05:58.494"/>
</kw>
<kw name="Click Link" library="SeleniumLibrary">
<arg>Home page</arg>
<doc>Clicks a link identified by ``locator``.</doc>
<msg timestamp="20211213 12:05:58.495" level="INFO">Clicking link 'Home page'.</msg>
<status status="PASS" starttime="20211213 12:05:58.494" endtime="20211213 12:05:58.563"/>
</kw>
<kw name="Main Page Should Be Open" library="resource">
<kw name="Title Should Be" library="SeleniumLibrary">
<arg>Lukuvinkkikirjasto</arg>
<doc>Verifies that the current page title equals ``title``.</doc>
<msg timestamp="20211213 12:05:58.571" level="INFO">Page title is 'Lukuvinkkikirjasto'.</msg>
<status status="PASS" starttime="20211213 12:05:58.564" endtime="20211213 12:05:58.571"/>
</kw>
<status status="PASS" starttime="20211213 12:05:58.564" endtime="20211213 12:05:58.571"/>
</kw>
<status status="PASS" starttime="20211213 12:05:58.430" endtime="20211213 12:05:58.571"/>
</test>
<test id="s1-s1-t2" name="Select Book Updates Page">
<kw name="Go to Add Bookmark Page" library="resource" type="SETUP">
<kw name="Go To" library="SeleniumLibrary">
<arg>${ADD URL}</arg>
<doc>Navigates the current browser window to the provided ``url``.</doc>
<msg timestamp="20211213 12:05:58.575" level="INFO">Opening url 'http://localhost:5000/add_bookmark'</msg>
<status status="PASS" starttime="20211213 12:05:58.574" endtime="20211213 12:05:58.603"/>
</kw>
<status status="PASS" starttime="20211213 12:05:58.574" endtime="20211213 12:05:58.603"/>
</kw>
<kw name="Set Type">
<arg>Book</arg>
<kw name="Select From List By Label" library="SeleniumLibrary">
<arg>bookmark</arg>
<arg>${name}</arg>
<doc>Selects options from selection list ``locator`` by ``labels``.</doc>
<msg timestamp="20211213 12:05:58.604" level="INFO">Selecting options from selection list 'bookmark' by label Book.</msg>
<status status="PASS" starttime="20211213 12:05:58.604" endtime="20211213 12:05:58.653"/>
</kw>
<status status="PASS" starttime="20211213 12:05:58.603" endtime="20211213 12:05:58.654"/>
</kw>
<kw name="Page Should Contain" library="SeleniumLibrary">
<arg>ISBN:</arg>
<doc>Verifies that current page contains ``text``.</doc>
<msg timestamp="20211213 12:05:58.668" level="INFO">Current page contains text 'ISBN:'.</msg>
<status status="PASS" starttime="20211213 12:05:58.654" endtime="20211213 12:05:58.669"/>
</kw>
<status status="PASS" starttime="20211213 12:05:58.572" endtime="20211213 12:05:58.669"/>
</test>
<test id="s1-s1-t3" name="Add Valid Book Bookmark">
<kw name="Go to Add Bookmark Page" library="resource" type="SETUP">
<kw name="Go To" library="SeleniumLibrary">
<arg>${ADD URL}</arg>
<doc>Navigates the current browser window to the provided ``url``.</doc>
<msg timestamp="20211213 12:05:58.671" level="INFO">Opening url 'http://localhost:5000/add_bookmark'</msg>
<status status="PASS" starttime="20211213 12:05:58.671" endtime="20211213 12:05:58.696"/>
</kw>
<status status="PASS" starttime="20211213 12:05:58.671" endtime="20211213 12:05:58.696"/>
</kw>
<kw name="Set Title">
<arg>test book</arg>
<kw name="Input Text" library="SeleniumLibrary">
<arg>title</arg>
<arg>${title}</arg>
<doc>Types the given ``text`` into the text field identified by ``locator``.</doc>
<msg timestamp="20211213 12:05:58.697" level="INFO">Typing text 'test book' into text field 'title'.</msg>
<status status="PASS" starttime="20211213 12:05:58.697" endtime="20211213 12:05:58.791"/>
</kw>
<status status="PASS" starttime="20211213 12:05:58.696" endtime="20211213 12:05:58.791"/>
</kw>
<kw name="Set Description">
<arg>test</arg>
<kw name="Input Text" library="SeleniumLibrary">
<arg>description</arg>
<arg>${description}</arg>
<doc>Types the given ``text`` into the text field identified by ``locator``.</doc>
<msg timestamp="20211213 12:05:58.792" level="INFO">Typing text 'test' into text field 'description'.</msg>
<status status="PASS" starttime="20211213 12:05:58.792" endtime="20211213 12:05:58.873"/>
</kw>
<status status="PASS" starttime="20211213 12:05:58.791" endtime="20211213 12:05:58.873"/>
</kw>
<kw name="Set Author">
<arg>test</arg>
<kw name="Input Text" library="SeleniumLibrary">
<arg>author</arg>
<arg>${author}</arg>
<doc>Types the given ``text`` into the text field identified by ``locator``.</doc>
<msg timestamp="20211213 12:05:58.874" level="INFO">Typing text 'test' into text field 'author'.</msg>
<status status="PASS" starttime="20211213 12:05:58.874" endtime="20211213 12:05:58.956"/>
</kw>
<status status="PASS" starttime="20211213 12:05:58.873" endtime="20211213 12:05:58.956"/>
</kw>
<kw name="Set ISBN">
<arg>9783161484100</arg>
<kw name="Input Text" library="SeleniumLibrary">
<arg>ISBN</arg>
<arg>${isbn}</arg>
<doc>Types the given ``text`` into the text field identified by ``locator``.</doc>
<msg timestamp="20211213 12:05:58.957" level="INFO">Typing text '9783161484100' into text field 'ISBN'.</msg>
<status status="PASS" starttime="20211213 12:05:58.957" endtime="20211213 12:05:59.050"/>
</kw>
<status status="PASS" starttime="20211213 12:05:58.956" endtime="20211213 12:05:59.050"/>
</kw>
<kw name="Submit Bookmark">
<kw name="Click Button" library="SeleniumLibrary">
<arg>submitBookmark</arg>
<doc>Clicks the button identified by ``locator``.</doc>
<msg timestamp="20211213 12:05:59.051" level="INFO">Clicking button 'submitBookmark'.</msg>
<status status="PASS" starttime="20211213 12:05:59.051" endtime="20211213 12:05:59.144"/>
</kw>
<status status="PASS" starttime="20211213 12:05:59.050" endtime="20211213 12:05:59.144"/>
</kw>
<kw name="Main Page Should Be Open" library="resource">
<kw name="Title Should Be" library="SeleniumLibrary">
<arg>Lukuvinkkikirjasto</arg>
<doc>Verifies that the current page title equals ``title``.</doc>
<msg timestamp="20211213 12:05:59.150" level="INFO">Page title is 'Lukuvinkkikirjasto'.</msg>
<status status="PASS" starttime="20211213 12:05:59.145" endtime="20211213 12:05:59.150"/>
</kw>
<status status="PASS" starttime="20211213 12:05:59.144" endtime="20211213 12:05:59.150"/>
</kw>
<kw name="Page Should Contain" library="SeleniumLibrary">
<arg>test book</arg>
<doc>Verifies that current page contains ``text``.</doc>
<msg timestamp="20211213 12:05:59.166" level="INFO">Current page contains text 'test book'.</msg>
<status status="PASS" starttime="20211213 12:05:59.150" endtime="20211213 12:05:59.166"/>
</kw>
<status status="PASS" starttime="20211213 12:05:58.670" endtime="20211213 12:05:59.166"/>
</test>
<test id="s1-s1-t4" name="Add Book Bookmark Without Valid Title">
<kw name="Go to Add Bookmark Page" library="resource" type="SETUP">
<kw name="Go To" library="SeleniumLibrary">
<arg>${ADD URL}</arg>
<doc>Navigates the current browser window to the provided ``url``.</doc>
<msg timestamp="20211213 12:05:59.169" level="INFO">Opening url 'http://localhost:5000/add_bookmark'</msg>
<status status="PASS" starttime="20211213 12:05:59.168" endtime="20211213 12:05:59.207"/>
</kw>
<status status="PASS" starttime="20211213 12:05:59.168" endtime="20211213 12:05:59.207"/>
</kw>
<kw name="Set Description">
<arg>test book2</arg>
<kw name="Input Text" library="SeleniumLibrary">
<arg>description</arg>
<arg>${description}</arg>
<doc>Types the given ``text`` into the text field identified by ``locator``.</doc>
<msg timestamp="20211213 12:05:59.208" level="INFO">Typing text 'test book2' into text field 'description'.</msg>
<status status="PASS" starttime="20211213 12:05:59.208" endtime="20211213 12:05:59.299"/>
</kw>
<status status="PASS" starttime="20211213 12:05:59.207" endtime="20211213 12:05:59.300"/>
</kw>
<kw name="Set Author">
<arg>test</arg>
<kw name="Input Text" library="SeleniumLibrary">
<arg>author</arg>
<arg>${author}</arg>
<doc>Types the given ``text`` into the text field identified by ``locator``.</doc>
<msg timestamp="20211213 12:05:59.301" level="INFO">Typing text 'test' into text field 'author'.</msg>
<status status="PASS" starttime="20211213 12:05:59.300" endtime="20211213 12:05:59.376"/>
</kw>
<status status="PASS" starttime="20211213 12:05:59.300" endtime="20211213 12:05:59.376"/>
</kw>
<kw name="Set ISBN">
<arg>9783161484100</arg>
<kw name="Input Text" library="SeleniumLibrary">
<arg>ISBN</arg>
<arg>${isbn}</arg>
<doc>Types the given ``text`` into the text field identified by ``locator``.</doc>
<msg timestamp="20211213 12:05:59.377" level="INFO">Typing text '9783161484100' into text field 'ISBN'.</msg>
<status status="PASS" starttime="20211213 12:05:59.377" endtime="20211213 12:05:59.460"/>
</kw>
<status status="PASS" starttime="20211213 12:05:59.376" endtime="20211213 12:05:59.460"/>
</kw>
<kw name="Submit Bookmark">
<kw name="Click Button" library="SeleniumLibrary">
<arg>submitBookmark</arg>
<doc>Clicks the button identified by ``locator``.</doc>
<msg timestamp="20211213 12:05:59.461" level="INFO">Clicking button 'submitBookmark'.</msg>
<status status="PASS" starttime="20211213 12:05:59.460" endtime="20211213 12:05:59.514"/>
</kw>
<status status="PASS" starttime="20211213 12:05:59.460" endtime="20211213 12:05:59.515"/>
</kw>
<kw name="Alert Should Be Present" library="SeleniumLibrary">
<arg>Name must be between 1-50 characters</arg>
<doc>Verifies that an alert is present and by default, accepts it.</doc>
<msg timestamp="20211213 12:05:59.515" level="INFO">HANDLE::&lt;class 'NoneType'&gt;::None</msg>
<status status="PASS" starttime="20211213 12:05:59.515" endtime="20211213 12:05:59.527"/>
</kw>
<kw name="Verify Invalid Bookmark Not Added">
<arg>test book2</arg>
<kw name="Add Bookmark Page Should Be Open" library="resource">
<kw name="Title Should Be" library="SeleniumLibrary">
<arg>Add bookmark</arg>
<doc>Verifies that the current page title equals ``title``.</doc>
<msg timestamp="20211213 12:05:59.536" level="INFO">Page title is 'Add bookmark'.</msg>
<status status="PASS" starttime="20211213 12:05:59.529" endtime="20211213 12:05:59.536"/>
</kw>
<status status="PASS" starttime="20211213 12:05:59.529" endtime="20211213 12:05:59.536"/>
</kw>
<kw name="Go to Main Page" library="resource">
<kw name="Go To" library="SeleniumLibrary">
<arg>${HOME URL}</arg>
<doc>Navigates the current browser window to the provided ``url``.</doc>
<msg timestamp="20211213 12:05:59.542" level="INFO">Opening url 'http://localhost:5000'</msg>
<status status="PASS" starttime="20211213 12:05:59.537" endtime="20211213 12:05:59.569"/>
</kw>
<status status="PASS" starttime="20211213 12:05:59.536" endtime="20211213 12:05:59.569"/>
</kw>
<kw name="Page Should Not Contain" library="SeleniumLibrary">
<arg>${title}</arg>
<doc>Verifies the current page does not contain ``text``.</doc>
<msg timestamp="20211213 12:05:59.594" level="INFO">Current page does not contain text 'test book2'.</msg>
<status status="PASS" starttime="20211213 12:05:59.570" endtime="20211213 12:05:59.594"/>
</kw>
<status status="PASS" starttime="20211213 12:05:59.527" endtime="20211213 12:05:59.594"/>
</kw>
<status status="PASS" starttime="20211213 12:05:59.167" endtime="20211213 12:05:59.594"/>
</test>
<test id="s1-s1-t5" name="Add Book Bookmark Without Valid Description">
<kw name="Go to Add Bookmark Page" library="resource" type="SETUP">
<kw name="Go To" library="SeleniumLibrary">
<arg>${ADD URL}</arg>
<doc>Navigates the current browser window to the provided ``url``.</doc>
<msg timestamp="20211213 12:05:59.596" level="INFO">Opening url 'http://localhost:5000/add_bookmark'</msg>
<status status="PASS" starttime="20211213 12:05:59.596" endtime="20211213 12:05:59.623"/>
</kw>
<status status="PASS" starttime="20211213 12:05:59.596" endtime="20211213 12:05:59.623"/>
</kw>
<kw name="Set Title">
<arg>test book3</arg>
<kw name="Input Text" library="SeleniumLibrary">
<arg>title</arg>
<arg>${title}</arg>
<doc>Types the given ``text`` into the text field identified by ``locator``.</doc>
<msg timestamp="20211213 12:05:59.624" level="INFO">Typing text 'test book3' into text field 'title'.</msg>
<status status="PASS" starttime="20211213 12:05:59.624" endtime="20211213 12:05:59.713"/>
</kw>
<status status="PASS" starttime="20211213 12:05:59.623" endtime="20211213 12:05:59.713"/>
</kw>
<kw name="Set Author">
<arg>test</arg>
<kw name="Input Text" library="SeleniumLibrary">
<arg>author</arg>
<arg>${author}</arg>
<doc>Types the given ``text`` into the text field identified by ``locator``.</doc>
<msg timestamp="20211213 12:05:59.714" level="INFO">Typing text 'test' into text field 'author'.</msg>
<status status="PASS" starttime="20211213 12:05:59.714" endtime="20211213 12:05:59.808"/>
</kw>
<status status="PASS" starttime="20211213 12:05:59.713" endtime="20211213 12:05:59.808"/>
</kw>
<kw name="Set ISBN">
<arg>9783161484100</arg>
<kw name="Input Text" library="SeleniumLibrary">
<arg>ISBN</arg>
<arg>${isbn}</arg>
<doc>Types the given ``text`` into the text field identified by ``locator``.</doc>
<msg timestamp="20211213 12:05:59.809" level="INFO">Typing text '9783161484100' into text field 'ISBN'.</msg>
<status status="PASS" starttime="20211213 12:05:59.808" endtime="20211213 12:05:59.891"/>
</kw>
<status status="PASS" starttime="20211213 12:05:59.808" endtime="20211213 12:05:59.891"/>
</kw>
<kw name="Submit Bookmark">
<kw name="Click Button" library="SeleniumLibrary">
<arg>submitBookmark</arg>
<doc>Clicks the button identified by ``locator``.</doc>
<msg timestamp="20211213 12:05:59.892" level="INFO">Clicking button 'submitBookmark'.</msg>
<status status="PASS" starttime="20211213 12:05:59.892" endtime="20211213 12:05:59.941"/>
</kw>
<status status="PASS" starttime="20211213 12:05:59.891" endtime="20211213 12:05:59.941"/>
</kw>
<kw name="Verify Invalid Bookmark Not Added">
<arg>test book3</arg>
<kw name="Add Bookmark Page Should Be Open" library="resource">
<kw name="Title Should Be" library="SeleniumLibrary">
<arg>Add bookmark</arg>
<doc>Verifies that the current page title equals ``title``.</doc>
<msg timestamp="20211213 12:05:59.946" level="INFO">Page title is 'Add bookmark'.</msg>
<status status="PASS" starttime="20211213 12:05:59.942" endtime="20211213 12:05:59.946"/>
</kw>
<status status="PASS" starttime="20211213 12:05:59.942" endtime="20211213 12:05:59.946"/>
</kw>
<kw name="Go to Main Page" library="resource">
<kw name="Go To" library="SeleniumLibrary">
<arg>${HOME URL}</arg>
<doc>Navigates the current browser window to the provided ``url``.</doc>
<msg timestamp="20211213 12:05:59.947" level="INFO">Opening url 'http://localhost:5000'</msg>
<status status="PASS" starttime="20211213 12:05:59.946" endtime="20211213 12:05:59.978"/>
</kw>
<status status="PASS" starttime="20211213 12:05:59.946" endtime="20211213 12:05:59.978"/>
</kw>
<kw name="Page Should Not Contain" library="SeleniumLibrary">
<arg>${title}</arg>
<doc>Verifies the current page does not contain ``text``.</doc>
<msg timestamp="20211213 12:05:59.999" level="INFO">Current page does not contain text 'test book3'.</msg>
<status status="PASS" starttime="20211213 12:05:59.978" endtime="20211213 12:05:59.999"/>
</kw>
<status status="PASS" starttime="20211213 12:05:59.941" endtime="20211213 12:06:00.000"/>
</kw>
<status status="PASS" starttime="20211213 12:05:59.595" endtime="20211213 12:06:00.000"/>
</test>
<test id="s1-s1-t6" name="Add Book Bookmark Without Valid Author">
<kw name="Go to Add Bookmark Page" library="resource" type="SETUP">
<kw name="Go To" library="SeleniumLibrary">
<arg>${ADD URL}</arg>
<doc>Navigates the current browser window to the provided ``url``.</doc>
<msg timestamp="20211213 12:06:00.002" level="INFO">Opening url 'http://localhost:5000/add_bookmark'</msg>
<status status="PASS" starttime="20211213 12:06:00.002" endtime="20211213 12:06:00.028"/>
</kw>
<status status="PASS" starttime="20211213 12:06:00.002" endtime="20211213 12:06:00.028"/>
</kw>
<kw name="Set Title">
<arg>test book4</arg>
<kw name="Input Text" library="SeleniumLibrary">
<arg>title</arg>
<arg>${title}</arg>
<doc>Types the given ``text`` into the text field identified by ``locator``.</doc>
<msg timestamp="20211213 12:06:00.029" level="INFO">Typing text 'test book4' into text field 'title'.</msg>
<status status="PASS" starttime="20211213 12:06:00.029" endtime="20211213 12:06:00.118"/>
</kw>
<status status="PASS" starttime="20211213 12:06:00.028" endtime="20211213 12:06:00.118"/>
</kw>
<kw name="Set Description">
<arg>test</arg>
<kw name="Input Text" library="SeleniumLibrary">
<arg>description</arg>
<arg>${description}</arg>
<doc>Types the given ``text`` into the text field identified by ``locator``.</doc>
<msg timestamp="20211213 12:06:00.119" level="INFO">Typing text 'test' into text field 'description'.</msg>
<status status="PASS" starttime="20211213 12:06:00.119" endtime="20211213 12:06:00.203"/>
</kw>
<status status="PASS" starttime="20211213 12:06:00.118" endtime="20211213 12:06:00.204"/>
</kw>
<kw name="Set ISBN">
<arg>9783161484100</arg>
<kw name="Input Text" library="SeleniumLibrary">
<arg>ISBN</arg>
<arg>${isbn}</arg>
<doc>Types the given ``text`` into the text field identified by ``locator``.</doc>
<msg timestamp="20211213 12:06:00.205" level="INFO">Typing text '9783161484100' into text field 'ISBN'.</msg>
<status status="PASS" starttime="20211213 12:06:00.204" endtime="20211213 12:06:00.287"/>
</kw>
<status status="PASS" starttime="20211213 12:06:00.204" endtime="20211213 12:06:00.288"/>
</kw>
<kw name="Submit Bookmark">
<kw name="Click Button" library="SeleniumLibrary">
<arg>submitBookmark</arg>
<doc>Clicks the button identified by ``locator``.</doc>
<msg timestamp="20211213 12:06:00.289" level="INFO">Clicking button 'submitBookmark'.</msg>
<status status="PASS" starttime="20211213 12:06:00.288" endtime="20211213 12:06:00.344"/>
</kw>
<status status="PASS" starttime="20211213 12:06:00.288" endtime="20211213 12:06:00.344"/>
</kw>
<kw name="Alert Should Be Present" library="SeleniumLibrary">
<arg>Name must be between 1-50 characters</arg>
<doc>Verifies that an alert is present and by default, accepts it.</doc>
<msg timestamp="20211213 12:06:00.344" level="INFO">HANDLE::&lt;class 'NoneType'&gt;::None</msg>
<status status="PASS" starttime="20211213 12:06:00.344" endtime="20211213 12:06:00.358"/>
</kw>
<kw name="Verify Invalid Bookmark Not Added">
<arg>test book4</arg>
<kw name="Add Bookmark Page Should Be Open" library="resource">
<kw name="Title Should Be" library="SeleniumLibrary">
<arg>Add bookmark</arg>
<doc>Verifies that the current page title equals ``title``.</doc>
<msg timestamp="20211213 12:06:00.368" level="INFO">Page title is 'Add bookmark'.</msg>
<status status="PASS" starttime="20211213 12:06:00.359" endtime="20211213 12:06:00.369"/>
</kw>
<status status="PASS" starttime="20211213 12:06:00.359" endtime="20211213 12:06:00.369"/>
</kw>
<kw name="Go to Main Page" library="resource">
<kw name="Go To" library="SeleniumLibrary">
<arg>${HOME URL}</arg>
<doc>Navigates the current browser window to the provided ``url``.</doc>
<msg timestamp="20211213 12:06:00.370" level="INFO">Opening url 'http://localhost:5000'</msg>
<status status="PASS" starttime="20211213 12:06:00.369" endtime="20211213 12:06:00.400"/>
</kw>
<status status="PASS" starttime="20211213 12:06:00.369" endtime="20211213 12:06:00.401"/>
</kw>
<kw name="Page Should Not Contain" library="SeleniumLibrary">
<arg>${title}</arg>
<doc>Verifies the current page does not contain ``text``.</doc>
<msg timestamp="20211213 12:06:00.422" level="INFO">Current page does not contain text 'test book4'.</msg>
<status status="PASS" starttime="20211213 12:06:00.401" endtime="20211213 12:06:00.422"/>
</kw>
<status status="PASS" starttime="20211213 12:06:00.358" endtime="20211213 12:06:00.422"/>
</kw>
<status status="PASS" starttime="20211213 12:06:00.001" endtime="20211213 12:06:00.422"/>
</test>
<test id="s1-s1-t7" name="Add Book Bookmark Without Valid ISBN">
<kw name="Go to Add Bookmark Page" library="resource" type="SETUP">
<kw name="Go To" library="SeleniumLibrary">
<arg>${ADD URL}</arg>
<doc>Navigates the current browser window to the provided ``url``.</doc>
<msg timestamp="20211213 12:06:00.425" level="INFO">Opening url 'http://localhost:5000/add_bookmark'</msg>
<status status="PASS" starttime="20211213 12:06:00.425" endtime="20211213 12:06:00.455"/>
</kw>
<status status="PASS" starttime="20211213 12:06:00.424" endtime="20211213 12:06:00.455"/>
</kw>
<kw name="Set Title">
<arg>test book5</arg>
<kw name="Input Text" library="SeleniumLibrary">
<arg>title</arg>
<arg>${title}</arg>
<doc>Types the given ``text`` into the text field identified by ``locator``.</doc>
<msg timestamp="20211213 12:06:00.456" level="INFO">Typing text 'test book5' into text field 'title'.</msg>
<status status="PASS" starttime="20211213 12:06:00.456" endtime="20211213 12:06:00.550"/>
</kw>
<status status="PASS" starttime="20211213 12:06:00.456" endtime="20211213 12:06:00.550"/>
</kw>
<kw name="Set Description">
<arg>test</arg>
<kw name="Input Text" library="SeleniumLibrary">
<arg>description</arg>
<arg>${description}</arg>
<doc>Types the given ``text`` into the text field identified by ``locator``.</doc>
<msg timestamp="20211213 12:06:00.551" level="INFO">Typing text 'test' into text field 'description'.</msg>
<status status="PASS" starttime="20211213 12:06:00.551" endtime="20211213 12:06:00.625"/>
</kw>
<status status="PASS" starttime="20211213 12:06:00.550" endtime="20211213 12:06:00.625"/>
</kw>
<kw name="Set Author">
<arg>test</arg>
<kw name="Input Text" library="SeleniumLibrary">
<arg>author</arg>
<arg>${author}</arg>
<doc>Types the given ``text`` into the text field identified by ``locator``.</doc>
<msg timestamp="20211213 12:06:00.626" level="INFO">Typing text 'test' into text field 'author'.</msg>
<status status="PASS" starttime="20211213 12:06:00.626" endtime="20211213 12:06:00.705"/>
</kw>
<status status="PASS" starttime="20211213 12:06:00.625" endtime="20211213 12:06:00.706"/>
</kw>
<kw name="Set ISBN">
<arg>testitestitesti</arg>
<kw name="Input Text" library="SeleniumLibrary">
<arg>ISBN</arg>
<arg>${isbn}</arg>
<doc>Types the given ``text`` into the text field identified by ``locator``.</doc>
<msg timestamp="20211213 12:06:00.707" level="INFO">Typing text 'testitestitesti' into text field 'ISBN'.</msg>
<status status="PASS" starttime="20211213 12:06:00.706" endtime="20211213 12:06:00.795"/>
</kw>
<status status="PASS" starttime="20211213 12:06:00.706" endtime="20211213 12:06:00.795"/>
</kw>
<kw name="Submit Bookmark">
<kw name="Click Button" library="SeleniumLibrary">
<arg>submitBookmark</arg>
<doc>Clicks the button identified by ``locator``.</doc>
<msg timestamp="20211213 12:06:00.796" level="INFO">Clicking button 'submitBookmark'.</msg>
<status status="PASS" starttime="20211213 12:06:00.796" endtime="20211213 12:06:00.887"/>
</kw>
<status status="PASS" starttime="20211213 12:06:00.795" endtime="20211213 12:06:00.888"/>
</kw>
<kw name="Page Should Contain" library="SeleniumLibrary">
<arg>Invalid ISBN</arg>
<doc>Verifies that current page contains ``text``.</doc>
<msg timestamp="20211213 12:06:00.914" level="INFO">Current page contains text 'Invalid ISBN'.</msg>
<status status="PASS" starttime="20211213 12:06:00.888" endtime="20211213 12:06:00.914"/>
</kw>
<kw name="Verify Invalid Bookmark Not Added">
<arg>test book5</arg>
<kw name="Add Bookmark Page Should Be Open" library="resource">
<kw name="Title Should Be" library="SeleniumLibrary">
<arg>Add bookmark</arg>
<doc>Verifies that the current page title equals ``title``.</doc>
<msg timestamp="20211213 12:06:00.918" level="INFO">Page title is 'Add bookmark'.</msg>
<status status="PASS" starttime="20211213 12:06:00.915" endtime="20211213 12:06:00.918"/>
</kw>
<status status="PASS" starttime="20211213 12:06:00.915" endtime="20211213 12:06:00.919"/>
</kw>
<kw name="Go to Main Page" library="resource">
<kw name="Go To" library="SeleniumLibrary">
<arg>${HOME URL}</arg>
<doc>Navigates the current browser window to the provided ``url``.</doc>
<msg timestamp="20211213 12:06:00.919" level="INFO">Opening url 'http://localhost:5000'</msg>
<status status="PASS" starttime="20211213 12:06:00.919" endtime="20211213 12:06:00.943"/>
</kw>
<status status="PASS" starttime="20211213 12:06:00.919" endtime="20211213 12:06:00.945"/>
</kw>
<kw name="Page Should Not Contain" library="SeleniumLibrary">
<arg>${title}</arg>
<doc>Verifies the current page does not contain ``text``.</doc>
<msg timestamp="20211213 12:06:00.968" level="INFO">Current page does not contain text 'test book5'.</msg>
<status status="PASS" starttime="20211213 12:06:00.945" endtime="20211213 12:06:00.969"/>
</kw>
<status status="PASS" starttime="20211213 12:06:00.914" endtime="20211213 12:06:00.969"/>
</kw>
<status status="PASS" starttime="20211213 12:06:00.423" endtime="20211213 12:06:00.969"/>
</test>
<test id="s1-s1-t8" name="Select Video Updates Page">
<kw name="Go to Add Bookmark Page" library="resource" type="SETUP">
<kw name="Go To" library="SeleniumLibrary">
<arg>${ADD URL}</arg>
<doc>Navigates the current browser window to the provided ``url``.</doc>
<msg timestamp="20211213 12:06:00.971" level="INFO">Opening url 'http://localhost:5000/add_bookmark'</msg>
<status status="PASS" starttime="20211213 12:06:00.971" endtime="20211213 12:06:01.001"/>
</kw>
<status status="PASS" starttime="20211213 12:06:00.971" endtime="20211213 12:06:01.001"/>
</kw>
<kw name="Set Type">
<arg>Video</arg>
<kw name="Select From List By Label" library="SeleniumLibrary">
<arg>bookmark</arg>
<arg>${name}</arg>
<doc>Selects options from selection list ``locator`` by ``labels``.</doc>
<msg timestamp="20211213 12:06:01.002" level="INFO">Selecting options from selection list 'bookmark' by label Video.</msg>
<status status="PASS" starttime="20211213 12:06:01.002" endtime="20211213 12:06:01.062"/>
</kw>
<status status="PASS" starttime="20211213 12:06:01.001" endtime="20211213 12:06:01.063"/>
</kw>
<kw name="Page Should Contain" library="SeleniumLibrary">
<arg>Link:</arg>
<doc>Verifies that current page contains ``text``.</doc>
<msg timestamp="20211213 12:06:01.076" level="INFO">Current page contains text 'Link:'.</msg>
<status status="PASS" starttime="20211213 12:06:01.063" endtime="20211213 12:06:01.076"/>
</kw>
<status status="PASS" starttime="20211213 12:06:00.970" endtime="20211213 12:06:01.077"/>
</test>
<test id="s1-s1-t9" name="Add Valid Video Bookmark">
<kw name="Go to Add Bookmark Page" library="resource" type="SETUP">
<kw name="Go To" library="SeleniumLibrary">
<arg>${ADD URL}</arg>
<doc>Navigates the current browser window to the provided ``url``.</doc>
<msg timestamp="20211213 12:06:01.079" level="INFO">Opening url 'http://localhost:5000/add_bookmark'</msg>
<status status="PASS" starttime="20211213 12:06:01.079" endtime="20211213 12:06:01.107"/>
</kw>
<status status="PASS" starttime="20211213 12:06:01.079" endtime="20211213 12:06:01.108"/>
</kw>
<kw name="Set Type">
<arg>Video</arg>
<kw name="Select From List By Label" library="SeleniumLibrary">
<arg>bookmark</arg>
<arg>${name}</arg>
<doc>Selects options from selection list ``locator`` by ``labels``.</doc>
<msg timestamp="20211213 12:06:01.109" level="INFO">Selecting options from selection list 'bookmark' by label Video.</msg>
<status status="PASS" starttime="20211213 12:06:01.108" endtime="20211213 12:06:01.167"/>
</kw>
<status status="PASS" starttime="20211213 12:06:01.108" endtime="20211213 12:06:01.167"/>
</kw>
<kw name="Set Title">
<arg>test video</arg>
<kw name="Input Text" library="SeleniumLibrary">
<arg>title</arg>
<arg>${title}</arg>
<doc>Types the given ``text`` into the text field identified by ``locator``.</doc>
<msg timestamp="20211213 12:06:01.168" level="INFO">Typing text 'test video' into text field 'title'.</msg>
<status status="PASS" starttime="20211213 12:06:01.168" endtime="20211213 12:06:01.256"/>
</kw>
<status status="PASS" starttime="20211213 12:06:01.167" endtime="20211213 12:06:01.256"/>
</kw>
<kw name="Set Description">
<arg>test</arg>
<kw name="Input Text" library="SeleniumLibrary">
<arg>description</arg>
<arg>${description}</arg>
<doc>Types the given ``text`` into the text field identified by ``locator``.</doc>
<msg timestamp="20211213 12:06:01.257" level="INFO">Typing text 'test' into text field 'description'.</msg>
<status status="PASS" starttime="20211213 12:06:01.257" endtime="20211213 12:06:01.330"/>
</kw>
<status status="PASS" starttime="20211213 12:06:01.256" endtime="20211213 12:06:01.330"/>
</kw>
<kw name="Set Author">
<arg>test</arg>
<kw name="Input Text" library="SeleniumLibrary">
<arg>author</arg>
<arg>${author}</arg>
<doc>Types the given ``text`` into the text field identified by ``locator``.</doc>
<msg timestamp="20211213 12:06:01.331" level="INFO">Typing text 'test' into text field 'author'.</msg>
<status status="PASS" starttime="20211213 12:06:01.331" endtime="20211213 12:06:01.405"/>
</kw>
<status status="PASS" starttime="20211213 12:06:01.331" endtime="20211213 12:06:01.405"/>
</kw>
<kw name="Set Link">
<arg>https://youtube.com/</arg>
<kw name="Input Text" library="SeleniumLibrary">
<arg>link</arg>
<arg>${link}</arg>
<doc>Types the given ``text`` into the text field identified by ``locator``.</doc>
<msg timestamp="20211213 12:06:01.406" level="INFO">Typing text 'https://youtube.com/' into text field 'link'.</msg>
<status status="PASS" starttime="20211213 12:06:01.406" endtime="20211213 12:06:01.502"/>
</kw>
<status status="PASS" starttime="20211213 12:06:01.405" endtime="20211213 12:06:01.502"/>
</kw>
<kw name="Submit Bookmark">
<kw name="Click Button" library="SeleniumLibrary">
<arg>submitBookmark</arg>
<doc>Clicks the button identified by ``locator``.</doc>
<msg timestamp="20211213 12:06:01.503" level="INFO">Clicking button 'submitBookmark'.</msg>
<status status="PASS" starttime="20211213 12:06:01.502" endtime="20211213 12:06:01.581"/>
</kw>
<status status="PASS" starttime="20211213 12:06:01.502" endtime="20211213 12:06:01.581"/>
</kw>
<kw name="Main Page Should Be Open" library="resource">
<kw name="Title Should Be" library="SeleniumLibrary">
<arg>Lukuvinkkikirjasto</arg>
<doc>Verifies that the current page title equals ``title``.</doc>
<msg timestamp="20211213 12:06:01.587" level="INFO">Page title is 'Lukuvinkkikirjasto'.</msg>
<status status="PASS" starttime="20211213 12:06:01.582" endtime="20211213 12:06:01.587"/>
</kw>
<status status="PASS" starttime="20211213 12:06:01.581" endtime="20211213 12:06:01.587"/>
</kw>
<status status="PASS" starttime="20211213 12:06:01.078" endtime="20211213 12:06:01.587"/>
</test>
<test id="s1-s1-t10" name="Add Video Bookmark Without Valid Title">
<kw name="Go to Add Bookmark Page" library="resource" type="SETUP">
<kw name="Go To" library="SeleniumLibrary">
<arg>${ADD URL}</arg>
<doc>Navigates the current browser window to the provided ``url``.</doc>
<msg timestamp="20211213 12:06:01.589" level="INFO">Opening url 'http://localhost:5000/add_bookmark'</msg>
<status status="PASS" starttime="20211213 12:06:01.589" endtime="20211213 12:06:01.613"/>
</kw>
<status status="PASS" starttime="20211213 12:06:01.589" endtime="20211213 12:06:01.613"/>
</kw>
<kw name="Set Type">
<arg>Video</arg>
<kw name="Select From List By Label" library="SeleniumLibrary">
<arg>bookmark</arg>
<arg>${name}</arg>
<doc>Selects options from selection list ``locator`` by ``labels``.</doc>
<msg timestamp="20211213 12:06:01.614" level="INFO">Selecting options from selection list 'bookmark' by label Video.</msg>
<status status="PASS" starttime="20211213 12:06:01.614" endtime="20211213 12:06:01.682"/>
</kw>
<status status="PASS" starttime="20211213 12:06:01.613" endtime="20211213 12:06:01.682"/>
</kw>
<kw name="Set Description">
<arg>test video2</arg>
<kw name="Input Text" library="SeleniumLibrary">
<arg>description</arg>
<arg>${description}</arg>
<doc>Types the given ``text`` into the text field identified by ``locator``.</doc>
<msg timestamp="20211213 12:06:01.684" level="INFO">Typing text 'test video2' into text field 'description'.</msg>
<status status="PASS" starttime="20211213 12:06:01.683" endtime="20211213 12:06:01.766"/>
</kw>
<status status="PASS" starttime="20211213 12:06:01.682" endtime="20211213 12:06:01.766"/>
</kw>
<kw name="Set Author">
<arg>test</arg>
<kw name="Input Text" library="SeleniumLibrary">
<arg>author</arg>
<arg>${author}</arg>
<doc>Types the given ``text`` into the text field identified by ``locator``.</doc>
<msg timestamp="20211213 12:06:01.767" level="INFO">Typing text 'test' into text field 'author'.</msg>
<status status="PASS" starttime="20211213 12:06:01.766" endtime="20211213 12:06:01.848"/>
</kw>
<status status="PASS" starttime="20211213 12:06:01.766" endtime="20211213 12:06:01.848"/>
</kw>
<kw name="Set Link">
<arg>https://youtube.com/</arg>
<kw name="Input Text" library="SeleniumLibrary">
<arg>link</arg>
<arg>${link}</arg>
<doc>Types the given ``text`` into the text field identified by ``locator``.</doc>
<msg timestamp="20211213 12:06:01.849" level="INFO">Typing text 'https://youtube.com/' into text field 'link'.</msg>
<status status="PASS" starttime="20211213 12:06:01.849" endtime="20211213 12:06:01.959"/>
</kw>
<status status="PASS" starttime="20211213 12:06:01.849" endtime="20211213 12:06:01.959"/>
</kw>
<kw name="Submit Bookmark">
<kw name="Click Button" library="SeleniumLibrary">
<arg>submitBookmark</arg>
<doc>Clicks the button identified by ``locator``.</doc>
<msg timestamp="20211213 12:06:01.960" level="INFO">Clicking button 'submitBookmark'.</msg>
<status status="PASS" starttime="20211213 12:06:01.960" endtime="20211213 12:06:02.013"/>
</kw>
<status status="PASS" starttime="20211213 12:06:01.959" endtime="20211213 12:06:02.014"/>
</kw>
<kw name="Alert Should Be Present" library="SeleniumLibrary">
<arg>Name must be between 1-50 characters</arg>
<doc>Verifies that an alert is present and by default, accepts it.</doc>
<msg timestamp="20211213 12:06:02.014" level="INFO">HANDLE::&lt;class 'NoneType'&gt;::None</msg>
<status status="PASS" starttime="20211213 12:06:02.014" endtime="20211213 12:06:02.025"/>
</kw>
<kw name="Verify Invalid Bookmark Not Added">
<arg>test video2</arg>
<kw name="Add Bookmark Page Should Be Open" library="resource">
<kw name="Title Should Be" library="SeleniumLibrary">
<arg>Add bookmark</arg>
<doc>Verifies that the current page title equals ``title``.</doc>
<msg timestamp="20211213 12:06:02.062" level="INFO">Page title is 'Add bookmark'.</msg>
<status status="PASS" starttime="20211213 12:06:02.027" endtime="20211213 12:06:02.062"/>
</kw>
<status status="PASS" starttime="20211213 12:06:02.026" endtime="20211213 12:06:02.062"/>
</kw>
<kw name="Go to Main Page" library="resource">
<kw name="Go To" library="SeleniumLibrary">
<arg>${HOME URL}</arg>
<doc>Navigates the current browser window to the provided ``url``.</doc>
<msg timestamp="20211213 12:06:02.063" level="INFO">Opening url 'http://localhost:5000'</msg>
<status status="PASS" starttime="20211213 12:06:02.063" endtime="20211213 12:06:02.102"/>
</kw>
<status status="PASS" starttime="20211213 12:06:02.062" endtime="20211213 12:06:02.102"/>
</kw>
<kw name="Page Should Not Contain" library="SeleniumLibrary">
<arg>${title}</arg>
<doc>Verifies the current page does not contain ``text``.</doc>
<msg timestamp="20211213 12:06:02.123" level="INFO">Current page does not contain text 'test video2'.</msg>
<status status="PASS" starttime="20211213 12:06:02.102" endtime="20211213 12:06:02.123"/>
</kw>
<status status="PASS" starttime="20211213 12:06:02.026" endtime="20211213 12:06:02.124"/>
</kw>
<status status="PASS" starttime="20211213 12:06:01.588" endtime="20211213 12:06:02.124"/>
</test>
<test id="s1-s1-t11" name="Add Video Bookmark Without Valid Description">
<kw name="Go to Add Bookmark Page" library="resource" type="SETUP">
<kw name="Go To" library="SeleniumLibrary">
<arg>${ADD URL}</arg>
<doc>Navigates the current browser window to the provided ``url``.</doc>
<msg timestamp="20211213 12:06:02.126" level="INFO">Opening url 'http://localhost:5000/add_bookmark'</msg>
<status status="PASS" starttime="20211213 12:06:02.126" endtime="20211213 12:06:02.154"/>
</kw>
<status status="PASS" starttime="20211213 12:06:02.125" endtime="20211213 12:06:02.155"/>
</kw>
<kw name="Set Type">
<arg>Video</arg>
<kw name="Select From List By Label" library="SeleniumLibrary">
<arg>bookmark</arg>
<arg>${name}</arg>
<doc>Selects options from selection list ``locator`` by ``labels``.</doc>
<msg timestamp="20211213 12:06:02.156" level="INFO">Selecting options from selection list 'bookmark' by label Video.</msg>
<status status="PASS" starttime="20211213 12:06:02.155" endtime="20211213 12:06:02.222"/>
</kw>
<status status="PASS" starttime="20211213 12:06:02.155" endtime="20211213 12:06:02.222"/>
</kw>
<kw name="Set Title">
<arg>test video3</arg>
<kw name="Input Text" library="SeleniumLibrary">
<arg>title</arg>
<arg>${title}</arg>
<doc>Types the given ``text`` into the text field identified by ``locator``.</doc>
<msg timestamp="20211213 12:06:02.223" level="INFO">Typing text 'test video3' into text field 'title'.</msg>
<status status="PASS" starttime="20211213 12:06:02.223" endtime="20211213 12:06:02.310"/>
</kw>
<status status="PASS" starttime="20211213 12:06:02.222" endtime="20211213 12:06:02.310"/>
</kw>
<kw name="Set Author">
<arg>test</arg>
<kw name="Input Text" library="SeleniumLibrary">
<arg>author</arg>
<arg>${author}</arg>
<doc>Types the given ``text`` into the text field identified by ``locator``.</doc>
<msg timestamp="20211213 12:06:02.311" level="INFO">Typing text 'test' into text field 'author'.</msg>
<status status="PASS" starttime="20211213 12:06:02.311" endtime="20211213 12:06:02.388"/>
</kw>
<status status="PASS" starttime="20211213 12:06:02.310" endtime="20211213 12:06:02.389"/>
</kw>
<kw name="Set Link">
<arg>https://youtube.com/</arg>
<kw name="Input Text" library="SeleniumLibrary">
<arg>link</arg>
<arg>${link}</arg>
<doc>Types the given ``text`` into the text field identified by ``locator``.</doc>
<msg timestamp="20211213 12:06:02.390" level="INFO">Typing text 'https://youtube.com/' into text field 'link'.</msg>
<status status="PASS" starttime="20211213 12:06:02.389" endtime="20211213 12:06:02.485"/>
</kw>
<status status="PASS" starttime="20211213 12:06:02.389" endtime="20211213 12:06:02.485"/>
</kw>
<kw name="Submit Bookmark">
<kw name="Click Button" library="SeleniumLibrary">
<arg>submitBookmark</arg>
<doc>Clicks the button identified by ``locator``.</doc>
<msg timestamp="20211213 12:06:02.486" level="INFO">Clicking button 'submitBookmark'.</msg>
<status status="PASS" starttime="20211213 12:06:02.486" endtime="20211213 12:06:02.538"/>
</kw>
<status status="PASS" starttime="20211213 12:06:02.486" endtime="20211213 12:06:02.539"/>
</kw>
<kw name="Verify Invalid Bookmark Not Added">
<arg>test video3</arg>
<kw name="Add Bookmark Page Should Be Open" library="resource">
<kw name="Title Should Be" library="SeleniumLibrary">
<arg>Add bookmark</arg>
<doc>Verifies that the current page title equals ``title``.</doc>
<msg timestamp="20211213 12:06:02.544" level="INFO">Page title is 'Add bookmark'.</msg>
<status status="PASS" starttime="20211213 12:06:02.540" endtime="20211213 12:06:02.544"/>
</kw>
<status status="PASS" starttime="20211213 12:06:02.539" endtime="20211213 12:06:02.544"/>
</kw>
<kw name="Go to Main Page" library="resource">
<kw name="Go To" library="SeleniumLibrary">
<arg>${HOME URL}</arg>
<doc>Navigates the current browser window to the provided ``url``.</doc>
<msg timestamp="20211213 12:06:02.545" level="INFO">Opening url 'http://localhost:5000'</msg>
<status status="PASS" starttime="20211213 12:06:02.545" endtime="20211213 12:06:02.576"/>
</kw>
<status status="PASS" starttime="20211213 12:06:02.544" endtime="20211213 12:06:02.576"/>
</kw>
<kw name="Page Should Not Contain" library="SeleniumLibrary">
<arg>${title}</arg>
<doc>Verifies the current page does not contain ``text``.</doc>
<msg timestamp="20211213 12:06:02.597" level="INFO">Current page does not contain text 'test video3'.</msg>
<status status="PASS" starttime="20211213 12:06:02.576" endtime="20211213 12:06:02.597"/>
</kw>
<status status="PASS" starttime="20211213 12:06:02.539" endtime="20211213 12:06:02.597"/>
</kw>
<status status="PASS" starttime="20211213 12:06:02.124" endtime="20211213 12:06:02.598"/>
</test>
<test id="s1-s1-t12" name="Add Video Bookmark Without Valid Author">
<kw name="Go to Add Bookmark Page" library="resource" type="SETUP">
<kw name="Go To" library="SeleniumLibrary">
<arg>${ADD URL}</arg>
<doc>Navigates the current browser window to the provided ``url``.</doc>
<msg timestamp="20211213 12:06:02.599" level="INFO">Opening url 'http://localhost:5000/add_bookmark'</msg>
<status status="PASS" starttime="20211213 12:06:02.599" endtime="20211213 12:06:02.624"/>
</kw>
<status status="PASS" starttime="20211213 12:06:02.598" endtime="20211213 12:06:02.625"/>
</kw>
<kw name="Set Type">
<arg>Video</arg>
<kw name="Select From List By Label" library="SeleniumLibrary">
<arg>bookmark</arg>
<arg>${name}</arg>
<doc>Selects options from selection list ``locator`` by ``labels``.</doc>
<msg timestamp="20211213 12:06:02.626" level="INFO">Selecting options from selection list 'bookmark' by label Video.</msg>
<status status="PASS" starttime="20211213 12:06:02.625" endtime="20211213 12:06:02.686"/>
</kw>
<status status="PASS" starttime="20211213 12:06:02.625" endtime="20211213 12:06:02.686"/>
</kw>
<kw name="Set Title">
<arg>test video4</arg>
<kw name="Input Text" library="SeleniumLibrary">
<arg>title</arg>
<arg>${title}</arg>
<doc>Types the given ``text`` into the text field identified by ``locator``.</doc>
<msg timestamp="20211213 12:06:02.687" level="INFO">Typing text 'test video4' into text field 'title'.</msg>
<status status="PASS" starttime="20211213 12:06:02.687" endtime="20211213 12:06:02.769"/>
</kw>
<status status="PASS" starttime="20211213 12:06:02.686" endtime="20211213 12:06:02.769"/>
</kw>
<kw name="Set Description">
<arg>test</arg>
<kw name="Input Text" library="SeleniumLibrary">
<arg>description</arg>
<arg>${description}</arg>
<doc>Types the given ``text`` into the text field identified by ``locator``.</doc>
<msg timestamp="20211213 12:06:02.770" level="INFO">Typing text 'test' into text field 'description'.</msg>
<status status="PASS" starttime="20211213 12:06:02.770" endtime="20211213 12:06:02.850"/>
</kw>
<status status="PASS" starttime="20211213 12:06:02.769" endtime="20211213 12:06:02.850"/>
</kw>
<kw name="Set Link">
<arg>https://youtube.com/</arg>
<kw name="Input Text" library="SeleniumLibrary">
<arg>link</arg>
<arg>${link}</arg>
<doc>Types the given ``text`` into the text field identified by ``locator``.</doc>
<msg timestamp="20211213 12:06:02.851" level="INFO">Typing text 'https://youtube.com/' into text field 'link'.</msg>
<status status="PASS" starttime="20211213 12:06:02.851" endtime="20211213 12:06:02.950"/>
</kw>
<status status="PASS" starttime="20211213 12:06:02.850" endtime="20211213 12:06:02.950"/>
</kw>
<kw name="Submit Bookmark">
<kw name="Click Button" library="SeleniumLibrary">
<arg>submitBookmark</arg>
<doc>Clicks the button identified by ``locator``.</doc>
<msg timestamp="20211213 12:06:02.951" level="INFO">Clicking button 'submitBookmark'.</msg>
<status status="PASS" starttime="20211213 12:06:02.951" endtime="20211213 12:06:03.007"/>
</kw>
<status status="PASS" starttime="20211213 12:06:02.950" endtime="20211213 12:06:03.007"/>
</kw>
<kw name="Alert Should Be Present" library="SeleniumLibrary">
<arg>Name must be between 1-50 characters</arg>
<doc>Verifies that an alert is present and by default, accepts it.</doc>
<msg timestamp="20211213 12:06:03.008" level="INFO">HANDLE::&lt;class 'NoneType'&gt;::None</msg>
<status status="PASS" starttime="20211213 12:06:03.008" endtime="20211213 12:06:03.021"/>
</kw>
<kw name="Verify Invalid Bookmark Not Added">
<arg>test video4</arg>
<kw name="Add Bookmark Page Should Be Open" library="resource">
<kw name="Title Should Be" library="SeleniumLibrary">
<arg>Add bookmark</arg>
<doc>Verifies that the current page title equals ``title``.</doc>
<msg timestamp="20211213 12:06:03.033" level="INFO">Page title is 'Add bookmark'.</msg>
<status status="PASS" starttime="20211213 12:06:03.022" endtime="20211213 12:06:03.033"/>
</kw>
<status status="PASS" starttime="20211213 12:06:03.021" endtime="20211213 12:06:03.033"/>
</kw>
<kw name="Go to Main Page" library="resource">
<kw name="Go To" library="SeleniumLibrary">
<arg>${HOME URL}</arg>
<doc>Navigates the current browser window to the provided ``url``.</doc>
<msg timestamp="20211213 12:06:03.034" level="INFO">Opening url 'http://localhost:5000'</msg>
<status status="PASS" starttime="20211213 12:06:03.034" endtime="20211213 12:06:03.060"/>
</kw>
<status status="PASS" starttime="20211213 12:06:03.033" endtime="20211213 12:06:03.060"/>
</kw>
<kw name="Page Should Not Contain" library="SeleniumLibrary">
<arg>${title}</arg>
<doc>Verifies the current page does not contain ``text``.</doc>
<msg timestamp="20211213 12:06:03.083" level="INFO">Current page does not contain text 'test video4'.</msg>
<status status="PASS" starttime="20211213 12:06:03.060" endtime="20211213 12:06:03.083"/>
</kw>
<status status="PASS" starttime="20211213 12:06:03.021" endtime="20211213 12:06:03.084"/>
</kw>
<status status="PASS" starttime="20211213 12:06:02.598" endtime="20211213 12:06:03.084"/>
</test>
<test id="s1-s1-t13" name="Select Blog Updates Page">
<kw name="Go to Add Bookmark Page" library="resource" type="SETUP">
<kw name="Go To" library="SeleniumLibrary">
<arg>${ADD URL}</arg>
<doc>Navigates the current browser window to the provided ``url``.</doc>
<msg timestamp="20211213 12:06:03.087" level="INFO">Opening url 'http://localhost:5000/add_bookmark'</msg>
<status status="PASS" starttime="20211213 12:06:03.086" endtime="20211213 12:06:03.112"/>
</kw>
<status status="PASS" starttime="20211213 12:06:03.086" endtime="20211213 12:06:03.112"/>
</kw>
<kw name="Set Type">
<arg>Blog</arg>
<kw name="Select From List By Label" library="SeleniumLibrary">
<arg>bookmark</arg>
<arg>${name}</arg>
<doc>Selects options from selection list ``locator`` by ``labels``.</doc>
<msg timestamp="20211213 12:06:03.114" level="INFO">Selecting options from selection list 'bookmark' by label Blog.</msg>
<status status="PASS" starttime="20211213 12:06:03.113" endtime="20211213 12:06:03.178"/>
</kw>
<status status="PASS" starttime="20211213 12:06:03.112" endtime="20211213 12:06:03.178"/>
</kw>
<kw name="Page Should Contain" library="SeleniumLibrary">
<arg>Link:</arg>
<doc>Verifies that current page contains ``text``.</doc>
<msg timestamp="20211213 12:06:03.187" level="INFO">Current page contains text 'Link:'.</msg>
<status status="PASS" starttime="20211213 12:06:03.179" endtime="20211213 12:06:03.187"/>
</kw>
<status status="PASS" starttime="20211213 12:06:03.085" endtime="20211213 12:06:03.187"/>
</test>
<test id="s1-s1-t14" name="Add Valid Blog Bookmark">
<kw name="Go to Add Bookmark Page" library="resource" type="SETUP">
<kw name="Go To" library="SeleniumLibrary">
<arg>${ADD URL}</arg>
<doc>Navigates the current browser window to the provided ``url``.</doc>
<msg timestamp="20211213 12:06:03.190" level="INFO">Opening url 'http://localhost:5000/add_bookmark'</msg>
<status status="PASS" starttime="20211213 12:06:03.190" endtime="20211213 12:06:03.223"/>
</kw>
<status status="PASS" starttime="20211213 12:06:03.190" endtime="20211213 12:06:03.223"/>
</kw>
<kw name="Set Type">
<arg>Blog</arg>
<kw name="Select From List By Label" library="SeleniumLibrary">
<arg>bookmark</arg>
<arg>${name}</arg>
<doc>Selects options from selection list ``locator`` by ``labels``.</doc>
<msg timestamp="20211213 12:06:03.224" level="INFO">Selecting options from selection list 'bookmark' by label Blog.</msg>
<status status="PASS" starttime="20211213 12:06:03.224" endtime="20211213 12:06:03.295"/>
</kw>
<status status="PASS" starttime="20211213 12:06:03.224" endtime="20211213 12:06:03.296"/>
</kw>
<kw name="Set Title">
<arg>test blog</arg>
<kw name="Input Text" library="SeleniumLibrary">
<arg>title</arg>
<arg>${title}</arg>
<doc>Types the given ``text`` into the text field identified by ``locator``.</doc>
<msg timestamp="20211213 12:06:03.297" level="INFO">Typing text 'test blog' into text field 'title'.</msg>
<status status="PASS" starttime="20211213 12:06:03.296" endtime="20211213 12:06:03.373"/>
</kw>
<status status="PASS" starttime="20211213 12:06:03.296" endtime="20211213 12:06:03.373"/>
</kw>
<kw name="Set Description">
<arg>test</arg>
<kw name="Input Text" library="SeleniumLibrary">
<arg>description</arg>
<arg>${description}</arg>
<doc>Types the given ``text`` into the text field identified by ``locator``.</doc>
<msg timestamp="20211213 12:06:03.375" level="INFO">Typing text 'test' into text field 'description'.</msg>
<status status="PASS" starttime="20211213 12:06:03.374" endtime="20211213 12:06:03.451"/>
</kw>
<status status="PASS" starttime="20211213 12:06:03.374" endtime="20211213 12:06:03.451"/>
</kw>
<kw name="Set Author">
<arg>test</arg>
<kw name="Input Text" library="SeleniumLibrary">
<arg>author</arg>
<arg>${author}</arg>
<doc>Types the given ``text`` into the text field identified by ``locator``.</doc>
<msg timestamp="20211213 12:06:03.452" level="INFO">Typing text 'test' into text field 'author'.</msg>
<status status="PASS" starttime="20211213 12:06:03.452" endtime="20211213 12:06:03.532"/>
</kw>
<status status="PASS" starttime="20211213 12:06:03.451" endtime="20211213 12:06:03.533"/>
</kw>
<kw name="Set Link">
<arg>https://wikipedia.org/</arg>
<kw name="Input Text" library="SeleniumLibrary">
<arg>link</arg>
<arg>${link}</arg>
<doc>Types the given ``text`` into the text field identified by ``locator``.</doc>
<msg timestamp="20211213 12:06:03.534" level="INFO">Typing text 'https://wikipedia.org/' into text field 'link'.</msg>
<status status="PASS" starttime="20211213 12:06:03.533" endtime="20211213 12:06:03.626"/>
</kw>
<status status="PASS" starttime="20211213 12:06:03.533" endtime="20211213 12:06:03.626"/>
</kw>
<kw name="Submit Bookmark">
<kw name="Click Button" library="SeleniumLibrary">
<arg>submitBookmark</arg>
<doc>Clicks the button identified by ``locator``.</doc>
<msg timestamp="20211213 12:06:03.627" level="INFO">Clicking button 'submitBookmark'.</msg>
<status status="PASS" starttime="20211213 12:06:03.627" endtime="20211213 12:06:03.727"/>
</kw>
<status status="PASS" starttime="20211213 12:06:03.627" endtime="20211213 12:06:03.727"/>
</kw>
<kw name="Main Page Should Be Open" library="resource">
<kw name="Title Should Be" library="SeleniumLibrary">
<arg>Lukuvinkkikirjasto</arg>
<doc>Verifies that the current page title equals ``title``.</doc>
<msg timestamp="20211213 12:06:03.739" level="INFO">Page title is 'Lukuvinkkikirjasto'.</msg>
<status status="PASS" starttime="20211213 12:06:03.728" endtime="20211213 12:06:03.739"/>
</kw>
<status status="PASS" starttime="20211213 12:06:03.728" endtime="20211213 12:06:03.740"/>
</kw>
<status status="PASS" starttime="20211213 12:06:03.189" endtime="20211213 12:06:03.740"/>
</test>
<test id="s1-s1-t15" name="Add Blog Bookmark Without Valid Title">
<kw name="Go to Add Bookmark Page" library="resource" type="SETUP">
<kw name="Go To" library="SeleniumLibrary">
<arg>${ADD URL}</arg>
<doc>Navigates the current browser window to the provided ``url``.</doc>
<msg timestamp="20211213 12:06:03.742" level="INFO">Opening url 'http://localhost:5000/add_bookmark'</msg>
<status status="PASS" starttime="20211213 12:06:03.742" endtime="20211213 12:06:03.769"/>
</kw>
<status status="PASS" starttime="20211213 12:06:03.741" endtime="20211213 12:06:03.770"/>
</kw>
<kw name="Set Type">
<arg>Blog</arg>
<kw name="Select From List By Label" library="SeleniumLibrary">
<arg>bookmark</arg>
<arg>${name}</arg>
<doc>Selects options from selection list ``locator`` by ``labels``.</doc>
<msg timestamp="20211213 12:06:03.771" level="INFO">Selecting options from selection list 'bookmark' by label Blog.</msg>
<status status="PASS" starttime="20211213 12:06:03.770" endtime="20211213 12:06:03.832"/>
</kw>
<status status="PASS" starttime="20211213 12:06:03.770" endtime="20211213 12:06:03.832"/>
</kw>
<kw name="Set Description">
<arg>test blog2</arg>
<kw name="Input Text" library="SeleniumLibrary">
<arg>description</arg>
<arg>${description}</arg>
<doc>Types the given ``text`` into the text field identified by ``locator``.</doc>
<msg timestamp="20211213 12:06:03.833" level="INFO">Typing text 'test blog2' into text field 'description'.</msg>
<status status="PASS" starttime="20211213 12:06:03.833" endtime="20211213 12:06:03.913"/>
</kw>
<status status="PASS" starttime="20211213 12:06:03.833" endtime="20211213 12:06:03.913"/>
</kw>
<kw name="Set Author">
<arg>test</arg>
<kw name="Input Text" library="SeleniumLibrary">
<arg>author</arg>
<arg>${author}</arg>
<doc>Types the given ``text`` into the text field identified by ``locator``.</doc>
<msg timestamp="20211213 12:06:03.914" level="INFO">Typing text 'test' into text field 'author'.</msg>
<status status="PASS" starttime="20211213 12:06:03.914" endtime="20211213 12:06:03.989"/>
</kw>
<status status="PASS" starttime="20211213 12:06:03.913" endtime="20211213 12:06:03.989"/>
</kw>
<kw name="Set Link">
<arg>https://wikipedia.org/</arg>
<kw name="Input Text" library="SeleniumLibrary">
<arg>link</arg>
<arg>${link}</arg>
<doc>Types the given ``text`` into the text field identified by ``locator``.</doc>
<msg timestamp="20211213 12:06:03.990" level="INFO">Typing text 'https://wikipedia.org/' into text field 'link'.</msg>
<status status="PASS" starttime="20211213 12:06:03.990" endtime="20211213 12:06:04.079"/>
</kw>
<status status="PASS" starttime="20211213 12:06:03.989" endtime="20211213 12:06:04.079"/>
</kw>
<kw name="Submit Bookmark">
<kw name="Click Button" library="SeleniumLibrary">
<arg>submitBookmark</arg>
<doc>Clicks the button identified by ``locator``.</doc>
<msg timestamp="20211213 12:06:04.080" level="INFO">Clicking button 'submitBookmark'.</msg>
<status status="PASS" starttime="20211213 12:06:04.079" endtime="20211213 12:06:04.133"/>
</kw>
<status status="PASS" starttime="20211213 12:06:04.079" endtime="20211213 12:06:04.133"/>
</kw>
<kw name="Alert Should Be Present" library="SeleniumLibrary">
<arg>Name must be between 1-50 characters</arg>
<doc>Verifies that an alert is present and by default, accepts it.</doc>
<msg timestamp="20211213 12:06:04.134" level="INFO">HANDLE::&lt;class 'NoneType'&gt;::None</msg>
<status status="PASS" starttime="20211213 12:06:04.134" endtime="20211213 12:06:04.145"/>
</kw>
<kw name="Verify Invalid Bookmark Not Added">
<arg>test blog2</arg>
<kw name="Add Bookmark Page Should Be Open" library="resource">
<kw name="Title Should Be" library="SeleniumLibrary">
<arg>Add bookmark</arg>
<doc>Verifies that the current page title equals ``title``.</doc>
<msg timestamp="20211213 12:06:04.154" level="INFO">Page title is 'Add bookmark'.</msg>
<status status="PASS" starttime="20211213 12:06:04.146" endtime="20211213 12:06:04.155"/>
</kw>
<status status="PASS" starttime="20211213 12:06:04.146" endtime="20211213 12:06:04.155"/>
</kw>
<kw name="Go to Main Page" library="resource">
<kw name="Go To" library="SeleniumLibrary">
<arg>${HOME URL}</arg>
<doc>Navigates the current browser window to the provided ``url``.</doc>
<msg timestamp="20211213 12:06:04.156" level="INFO">Opening url 'http://localhost:5000'</msg>
<status status="PASS" starttime="20211213 12:06:04.155" endtime="20211213 12:06:04.184"/>
</kw>
<status status="PASS" starttime="20211213 12:06:04.155" endtime="20211213 12:06:04.184"/>
</kw>
<kw name="Page Should Not Contain" library="SeleniumLibrary">
<arg>${title}</arg>
<doc>Verifies the current page does not contain ``text``.</doc>
<msg timestamp="20211213 12:06:04.205" level="INFO">Current page does not contain text 'test blog2'.</msg>
<status status="PASS" starttime="20211213 12:06:04.184" endtime="20211213 12:06:04.205"/>
</kw>
<status status="PASS" starttime="20211213 12:06:04.145" endtime="20211213 12:06:04.206"/>
</kw>
<status status="PASS" starttime="20211213 12:06:03.740" endtime="20211213 12:06:04.206"/>
</test>
<test id="s1-s1-t16" name="Add Blog Bookmark Without Valid Description">
<kw name="Go to Add Bookmark Page" library="resource" type="SETUP">
<kw name="Go To" library="SeleniumLibrary">
<arg>${ADD URL}</arg>
<doc>Navigates the current browser window to the provided ``url``.</doc>
<msg timestamp="20211213 12:06:04.211" level="INFO">Opening url 'http://localhost:5000/add_bookmark'</msg>
<status status="PASS" starttime="20211213 12:06:04.211" endtime="20211213 12:06:04.238"/>
</kw>
<status status="PASS" starttime="20211213 12:06:04.210" endtime="20211213 12:06:04.238"/>
</kw>
<kw name="Set Type">
<arg>Blog</arg>
<kw name="Select From List By Label" library="SeleniumLibrary">
<arg>bookmark</arg>
<arg>${name}</arg>
<doc>Selects options from selection list ``locator`` by ``labels``.</doc>
<msg timestamp="20211213 12:06:04.239" level="INFO">Selecting options from selection list 'bookmark' by label Blog.</msg>
<status status="PASS" starttime="20211213 12:06:04.239" endtime="20211213 12:06:04.305"/>
</kw>
<status status="PASS" starttime="20211213 12:06:04.239" endtime="20211213 12:06:04.305"/>
</kw>
<kw name="Set Title">
<arg>test blog3</arg>
<kw name="Input Text" library="SeleniumLibrary">
<arg>title</arg>
<arg>${title}</arg>
<doc>Types the given ``text`` into the text field identified by ``locator``.</doc>
<msg timestamp="20211213 12:06:04.306" level="INFO">Typing text 'test blog3' into text field 'title'.</msg>
<status status="PASS" starttime="20211213 12:06:04.306" endtime="20211213 12:06:04.392"/>
</kw>
<status status="PASS" starttime="20211213 12:06:04.305" endtime="20211213 12:06:04.393"/>
</kw>
<kw name="Set Author">
<arg>test</arg>
<kw name="Input Text" library="SeleniumLibrary">
<arg>author</arg>
<arg>${author}</arg>
<doc>Types the given ``text`` into the text field identified by ``locator``.</doc>
<msg timestamp="20211213 12:06:04.394" level="INFO">Typing text 'test' into text field 'author'.</msg>
<status status="PASS" starttime="20211213 12:06:04.393" endtime="20211213 12:06:04.466"/>
</kw>
<status status="PASS" starttime="20211213 12:06:04.393" endtime="20211213 12:06:04.466"/>
</kw>
<kw name="Set Link">
<arg>https://wikipedia.org/</arg>
<kw name="Input Text" library="SeleniumLibrary">
<arg>link</arg>
<arg>${link}</arg>
<doc>Types the given ``text`` into the text field identified by ``locator``.</doc>
<msg timestamp="20211213 12:06:04.467" level="INFO">Typing text 'https://wikipedia.org/' into text field 'link'.</msg>
<status status="PASS" starttime="20211213 12:06:04.467" endtime="20211213 12:06:04.563"/>
</kw>
<status status="PASS" starttime="20211213 12:06:04.466" endtime="20211213 12:06:04.563"/>
</kw>
<kw name="Submit Bookmark">
<kw name="Click Button" library="SeleniumLibrary">
<arg>submitBookmark</arg>
<doc>Clicks the button identified by ``locator``.</doc>
<msg timestamp="20211213 12:06:04.564" level="INFO">Clicking button 'submitBookmark'.</msg>
<status status="PASS" starttime="20211213 12:06:04.564" endtime="20211213 12:06:04.617"/>
</kw>
<status status="PASS" starttime="20211213 12:06:04.563" endtime="20211213 12:06:04.618"/>
</kw>
<kw name="Verify Invalid Bookmark Not Added">
<arg>test blog3</arg>
<kw name="Add Bookmark Page Should Be Open" library="resource">
<kw name="Title Should Be" library="SeleniumLibrary">
<arg>Add bookmark</arg>
<doc>Verifies that the current page title equals ``title``.</doc>
<msg timestamp="20211213 12:06:04.623" level="INFO">Page title is 'Add bookmark'.</msg>
<status status="PASS" starttime="20211213 12:06:04.618" endtime="20211213 12:06:04.624"/>
</kw>
<status status="PASS" starttime="20211213 12:06:04.618" endtime="20211213 12:06:04.624"/>
</kw>
<kw name="Go to Main Page" library="resource">
<kw name="Go To" library="SeleniumLibrary">
<arg>${HOME URL}</arg>
<doc>Navigates the current browser window to the provided ``url``.</doc>
<msg timestamp="20211213 12:06:04.625" level="INFO">Opening url 'http://localhost:5000'</msg>
<status status="PASS" starttime="20211213 12:06:04.624" endtime="20211213 12:06:04.652"/>
</kw>
<status status="PASS" starttime="20211213 12:06:04.624" endtime="20211213 12:06:04.653"/>
</kw>
<kw name="Page Should Not Contain" library="SeleniumLibrary">
<arg>${title}</arg>
<doc>Verifies the current page does not contain ``text``.</doc>
<msg timestamp="20211213 12:06:04.673" level="INFO">Current page does not contain text 'test blog3'.</msg>
<status status="PASS" starttime="20211213 12:06:04.653" endtime="20211213 12:06:04.673"/>
</kw>
<status status="PASS" starttime="20211213 12:06:04.618" endtime="20211213 12:06:04.674"/>
</kw>
<status status="PASS" starttime="20211213 12:06:04.209" endtime="20211213 12:06:04.674"/>
</test>
<test id="s1-s1-t17" name="Add Blog Bookmark Without Valid Author">
<kw name="Go to Add Bookmark Page" library="resource" type="SETUP">
<kw name="Go To" library="SeleniumLibrary">
<arg>${ADD URL}</arg>
<doc>Navigates the current browser window to the provided ``url``.</doc>
<msg timestamp="20211213 12:06:04.676" level="INFO">Opening url 'http://localhost:5000/add_bookmark'</msg>
<status status="PASS" starttime="20211213 12:06:04.676" endtime="20211213 12:06:04.705"/>
</kw>
<status status="PASS" starttime="20211213 12:06:04.675" endtime="20211213 12:06:04.705"/>
</kw>
<kw name="Set Type">
<arg>Blog</arg>
<kw name="Select From List By Label" library="SeleniumLibrary">
<arg>bookmark</arg>
<arg>${name}</arg>
<doc>Selects options from selection list ``locator`` by ``labels``.</doc>
<msg timestamp="20211213 12:06:04.706" level="INFO">Selecting options from selection list 'bookmark' by label Blog.</msg>
<status status="PASS" starttime="20211213 12:06:04.706" endtime="20211213 12:06:04.767"/>
</kw>
<status status="PASS" starttime="20211213 12:06:04.705" endtime="20211213 12:06:04.767"/>
</kw>
<kw name="Set Title">
<arg>test blog4</arg>
<kw name="Input Text" library="SeleniumLibrary">
<arg>title</arg>
<arg>${title}</arg>
<doc>Types the given ``text`` into the text field identified by ``locator``.</doc>
<msg timestamp="20211213 12:06:04.768" level="INFO">Typing text 'test blog4' into text field 'title'.</msg>
<status status="PASS" starttime="20211213 12:06:04.768" endtime="20211213 12:06:04.862"/>
</kw>
<status status="PASS" starttime="20211213 12:06:04.767" endtime="20211213 12:06:04.862"/>
</kw>
<kw name="Set Description">
<arg>test</arg>
<kw name="Input Text" library="SeleniumLibrary">
<arg>description</arg>
<arg>${description}</arg>
<doc>Types the given ``text`` into the text field identified by ``locator``.</doc>
<msg timestamp="20211213 12:06:04.863" level="INFO">Typing text 'test' into text field 'description'.</msg>
<status status="PASS" starttime="20211213 12:06:04.862" endtime="20211213 12:06:04.942"/>
</kw>
<status status="PASS" starttime="20211213 12:06:04.862" endtime="20211213 12:06:04.942"/>
</kw>
<kw name="Set Link">
<arg>https://wikipedia.org/</arg>
<kw name="Input Text" library="SeleniumLibrary">
<arg>link</arg>
<arg>${link}</arg>
<doc>Types the given ``text`` into the text field identified by ``locator``.</doc>
<msg timestamp="20211213 12:06:04.943" level="INFO">Typing text 'https://wikipedia.org/' into text field 'link'.</msg>
<status status="PASS" starttime="20211213 12:06:04.942" endtime="20211213 12:06:05.039"/>
</kw>
<status status="PASS" starttime="20211213 12:06:04.942" endtime="20211213 12:06:05.039"/>
</kw>
<kw name="Submit Bookmark">
<kw name="Click Button" library="SeleniumLibrary">
<arg>submitBookmark</arg>
<doc>Clicks the button identified by ``locator``.</doc>
<msg timestamp="20211213 12:06:05.040" level="INFO">Clicking button 'submitBookmark'.</msg>
<status status="PASS" starttime="20211213 12:06:05.039" endtime="20211213 12:06:05.093"/>
</kw>
<status status="PASS" starttime="20211213 12:06:05.039" endtime="20211213 12:06:05.094"/>
</kw>
<kw name="Alert Should Be Present" library="SeleniumLibrary">
<arg>Name must be between 1-50 characters</arg>
<doc>Verifies that an alert is present and by default, accepts it.</doc>
<msg timestamp="20211213 12:06:05.094" level="INFO">HANDLE::&lt;class 'NoneType'&gt;::None</msg>
<status status="PASS" starttime="20211213 12:06:05.094" endtime="20211213 12:06:05.105"/>
</kw>
<kw name="Verify Invalid Bookmark Not Added">
<arg>test blog4</arg>
<kw name="Add Bookmark Page Should Be Open" library="resource">
<kw name="Title Should Be" library="SeleniumLibrary">
<arg>Add bookmark</arg>
<doc>Verifies that the current page title equals ``title``.</doc>
<msg timestamp="20211213 12:06:05.117" level="INFO">Page title is 'Add bookmark'.</msg>
<status status="PASS" starttime="20211213 12:06:05.106" endtime="20211213 12:06:05.117"/>
</kw>
<status status="PASS" starttime="20211213 12:06:05.105" endtime="20211213 12:06:05.118"/>
</kw>
<kw name="Go to Main Page" library="resource">
<kw name="Go To" library="SeleniumLibrary">
<arg>${HOME URL}</arg>
<doc>Navigates the current browser window to the provided ``url``.</doc>
<msg timestamp="20211213 12:06:05.118" level="INFO">Opening url 'http://localhost:5000'</msg>
<status status="PASS" starttime="20211213 12:06:05.118" endtime="20211213 12:06:05.145"/>
</kw>
<status status="PASS" starttime="20211213 12:06:05.118" endtime="20211213 12:06:05.146"/>
</kw>
<kw name="Page Should Not Contain" library="SeleniumLibrary">
<arg>${title}</arg>
<doc>Verifies the current page does not contain ``text``.</doc>
<msg timestamp="20211213 12:06:05.168" level="INFO">Current page does not contain text 'test blog4'.</msg>
<status status="PASS" starttime="20211213 12:06:05.146" endtime="20211213 12:06:05.168"/>
</kw>
<status status="PASS" starttime="20211213 12:06:05.105" endtime="20211213 12:06:05.168"/>
</kw>
<status status="PASS" starttime="20211213 12:06:04.674" endtime="20211213 12:06:05.168"/>
</test>
<test id="s1-s1-t18" name="Select Podcast Updates Page">
<kw name="Go to Add Bookmark Page" library="resource" type="SETUP">
<kw name="Go To" library="SeleniumLibrary">
<arg>${ADD URL}</arg>
<doc>Navigates the current browser window to the provided ``url``.</doc>
<msg timestamp="20211213 12:06:05.170" level="INFO">Opening url 'http://localhost:5000/add_bookmark'</msg>
<status status="PASS" starttime="20211213 12:06:05.170" endtime="20211213 12:06:05.200"/>
</kw>
<status status="PASS" starttime="20211213 12:06:05.170" endtime="20211213 12:06:05.201"/>
</kw>
<kw name="Set Type">
<arg>Podcast</arg>
<kw name="Select From List By Label" library="SeleniumLibrary">
<arg>bookmark</arg>
<arg>${name}</arg>
<doc>Selects options from selection list ``locator`` by ``labels``.</doc>
<msg timestamp="20211213 12:06:05.202" level="INFO">Selecting options from selection list 'bookmark' by label Podcast.</msg>
<status status="PASS" starttime="20211213 12:06:05.201" endtime="20211213 12:06:05.267"/>
</kw>
<status status="PASS" starttime="20211213 12:06:05.201" endtime="20211213 12:06:05.267"/>
</kw>
<kw name="Page Should Contain" library="SeleniumLibrary">
<arg>Episode:</arg>
<doc>Verifies that current page contains ``text``.</doc>
<msg timestamp="20211213 12:06:05.280" level="INFO">Current page contains text 'Episode:'.</msg>
<status status="PASS" starttime="20211213 12:06:05.268" endtime="20211213 12:06:05.280"/>
</kw>
<status status="PASS" starttime="20211213 12:06:05.169" endtime="20211213 12:06:05.280"/>
</test>
<test id="s1-s1-t19" name="Add Valid Podcast Bookmark">
<kw name="Go to Add Bookmark Page" library="resource" type="SETUP">
<kw name="Go To" library="SeleniumLibrary">
<arg>${ADD URL}</arg>
<doc>Navigates the current browser window to the provided ``url``.</doc>
<msg timestamp="20211213 12:06:05.283" level="INFO">Opening url 'http://localhost:5000/add_bookmark'</msg>
<status status="PASS" starttime="20211213 12:06:05.282" endtime="20211213 12:06:05.308"/>
</kw>
<status status="PASS" starttime="20211213 12:06:05.282" endtime="20211213 12:06:05.308"/>
</kw>
<kw name="Set Type">
<arg>Podcast</arg>
<kw name="Select From List By Label" library="SeleniumLibrary">
<arg>bookmark</arg>
<arg>${name}</arg>
<doc>Selects options from selection list ``locator`` by ``labels``.</doc>
<msg timestamp="20211213 12:06:05.309" level="INFO">Selecting options from selection list 'bookmark' by label Podcast.</msg>
<status status="PASS" starttime="20211213 12:06:05.308" endtime="20211213 12:06:05.371"/>
</kw>
<status status="PASS" starttime="20211213 12:06:05.308" endtime="20211213 12:06:05.371"/>
</kw>
<kw name="Set Title">
<arg>test podcast</arg>
<kw name="Input Text" library="SeleniumLibrary">
<arg>title</arg>
<arg>${title}</arg>
<doc>Types the given ``text`` into the text field identified by ``locator``.</doc>
<msg timestamp="20211213 12:06:05.372" level="INFO">Typing text 'test podcast' into text field 'title'.</msg>
<status status="PASS" starttime="20211213 12:06:05.372" endtime="20211213 12:06:05.452"/>
</kw>
<status status="PASS" starttime="20211213 12:06:05.371" endtime="20211213 12:06:05.452"/>
</kw>
<kw name="Set Episode">
<arg>1</arg>
<kw name="Input Text" library="SeleniumLibrary">
<arg>episode</arg>
<arg>${name}</arg>
<doc>Types the given ``text`` into the text field identified by ``locator``.</doc>
<msg timestamp="20211213 12:06:05.453" level="INFO">Typing text '1' into text field 'episode'.</msg>
<status status="PASS" starttime="20211213 12:06:05.453" endtime="20211213 12:06:05.535"/>
</kw>
<status status="PASS" starttime="20211213 12:06:05.452" endtime="20211213 12:06:05.536"/>
</kw>
<kw name="Set Description">
<arg>test</arg>
<kw name="Input Text" library="SeleniumLibrary">
<arg>description</arg>
<arg>${description}</arg>
<doc>Types the given ``text`` into the text field identified by ``locator``.</doc>
<msg timestamp="20211213 12:06:05.537" level="INFO">Typing text 'test' into text field 'description'.</msg>
<status status="PASS" starttime="20211213 12:06:05.536" endtime="20211213 12:06:05.613"/>
</kw>
<status status="PASS" starttime="20211213 12:06:05.536" endtime="20211213 12:06:05.613"/>
</kw>
<kw name="Set Author">
<arg>test</arg>
<kw name="Input Text" library="SeleniumLibrary">
<arg>author</arg>
<arg>${author}</arg>
<doc>Types the given ``text`` into the text field identified by ``locator``.</doc>
<msg timestamp="20211213 12:06:05.614" level="INFO">Typing text 'test' into text field 'author'.</msg>
<status status="PASS" starttime="20211213 12:06:05.614" endtime="20211213 12:06:05.698"/>
</kw>
<status status="PASS" starttime="20211213 12:06:05.613" endtime="20211213 12:06:05.698"/>
</kw>
<kw name="Set Link">
<arg>https://youtube.com/</arg>
<kw name="Input Text" library="SeleniumLibrary">
<arg>link</arg>
<arg>${link}</arg>
<doc>Types the given ``text`` into the text field identified by ``locator``.</doc>
<msg timestamp="20211213 12:06:05.700" level="INFO">Typing text 'https://youtube.com/' into text field 'link'.</msg>
<status status="PASS" starttime="20211213 12:06:05.699" endtime="20211213 12:06:05.798"/>
</kw>
<status status="PASS" starttime="20211213 12:06:05.699" endtime="20211213 12:06:05.798"/>
</kw>
<kw name="Submit Bookmark">
<kw name="Click Button" library="SeleniumLibrary">
<arg>submitBookmark</arg>
<doc>Clicks the button identified by ``locator``.</doc>
<msg timestamp="20211213 12:06:05.799" level="INFO">Clicking button 'submitBookmark'.</msg>
<status status="PASS" starttime="20211213 12:06:05.799" endtime="20211213 12:06:05.905"/>
</kw>
<status status="PASS" starttime="20211213 12:06:05.798" endtime="20211213 12:06:05.906"/>
</kw>
<kw name="Main Page Should Be Open" library="resource">
<kw name="Title Should Be" library="SeleniumLibrary">
<arg>Lukuvinkkikirjasto</arg>
<doc>Verifies that the current page title equals ``title``.</doc>
<msg timestamp="20211213 12:06:05.910" level="INFO">Page title is 'Lukuvinkkikirjasto'.</msg>
<status status="PASS" starttime="20211213 12:06:05.906" endtime="20211213 12:06:05.910"/>
</kw>
<status status="PASS" starttime="20211213 12:06:05.906" endtime="20211213 12:06:05.910"/>
</kw>
<status status="PASS" starttime="20211213 12:06:05.281" endtime="20211213 12:06:05.910"/>
</test>
<test id="s1-s1-t20" name="Add Podcast Bookmark Without Valid Title">
<kw name="Go to Add Bookmark Page" library="resource" type="SETUP">
<kw name="Go To" library="SeleniumLibrary">
<arg>${ADD URL}</arg>
<doc>Navigates the current browser window to the provided ``url``.</doc>
<msg timestamp="20211213 12:06:05.913" level="INFO">Opening url 'http://localhost:5000/add_bookmark'</msg>
<status status="PASS" starttime="20211213 12:06:05.913" endtime="20211213 12:06:05.943"/>
</kw>
<status status="PASS" starttime="20211213 12:06:05.912" endtime="20211213 12:06:05.943"/>
</kw>
<kw name="Set Type">
<arg>Podcast</arg>
<kw name="Select From List By Label" library="SeleniumLibrary">
<arg>bookmark</arg>
<arg>${name}</arg>
<doc>Selects options from selection list ``locator`` by ``labels``.</doc>
<msg timestamp="20211213 12:06:05.944" level="INFO">Selecting options from selection list 'bookmark' by label Podcast.</msg>
<status status="PASS" starttime="20211213 12:06:05.944" endtime="20211213 12:06:06.008"/>
</kw>
<status status="PASS" starttime="20211213 12:06:05.944" endtime="20211213 12:06:06.008"/>
</kw>
<kw name="Set Description">
<arg>test podcast2</arg>
<kw name="Input Text" library="SeleniumLibrary">
<arg>description</arg>
<arg>${description}</arg>
<doc>Types the given ``text`` into the text field identified by ``locator``.</doc>
<msg timestamp="20211213 12:06:06.009" level="INFO">Typing text 'test podcast2' into text field 'description'.</msg>
<status status="PASS" starttime="20211213 12:06:06.009" endtime="20211213 12:06:06.099"/>
</kw>
<status status="PASS" starttime="20211213 12:06:06.008" endtime="20211213 12:06:06.099"/>
</kw>
<kw name="Set Episode">
<arg>1</arg>
<kw name="Input Text" library="SeleniumLibrary">
<arg>episode</arg>
<arg>${name}</arg>
<doc>Types the given ``text`` into the text field identified by ``locator``.</doc>
<msg timestamp="20211213 12:06:06.100" level="INFO">Typing text '1' into text field 'episode'.</msg>
<status status="PASS" starttime="20211213 12:06:06.100" endtime="20211213 12:06:06.175"/>
</kw>
<status status="PASS" starttime="20211213 12:06:06.100" endtime="20211213 12:06:06.175"/>
</kw>
<kw name="Set Author">
<arg>test</arg>
<kw name="Input Text" library="SeleniumLibrary">
<arg>author</arg>
<arg>${author}</arg>
<doc>Types the given ``text`` into the text field identified by ``locator``.</doc>
<msg timestamp="20211213 12:06:06.176" level="INFO">Typing text 'test' into text field 'author'.</msg>
<status status="PASS" starttime="20211213 12:06:06.176" endtime="20211213 12:06:06.259"/>
</kw>
<status status="PASS" starttime="20211213 12:06:06.175" endtime="20211213 12:06:06.259"/>
</kw>
<kw name="Set Link">
<arg>https://youtube.com/</arg>
<kw name="Input Text" library="SeleniumLibrary">
<arg>link</arg>
<arg>${link}</arg>
<doc>Types the given ``text`` into the text field identified by ``locator``.</doc>
<msg timestamp="20211213 12:06:06.260" level="INFO">Typing text 'https://youtube.com/' into text field 'link'.</msg>
<status status="PASS" starttime="20211213 12:06:06.260" endtime="20211213 12:06:06.354"/>
</kw>
<status status="PASS" starttime="20211213 12:06:06.259" endtime="20211213 12:06:06.354"/>
</kw>
<kw name="Submit Bookmark">
<kw name="Click Button" library="SeleniumLibrary">
<arg>submitBookmark</arg>
<doc>Clicks the button identified by ``locator``.</doc>
<msg timestamp="20211213 12:06:06.355" level="INFO">Clicking button 'submitBookmark'.</msg>
<status status="PASS" starttime="20211213 12:06:06.355" endtime="20211213 12:06:06.409"/>
</kw>
<status status="PASS" starttime="20211213 12:06:06.355" endtime="20211213 12:06:06.409"/>
</kw>
<kw name="Alert Should Be Present" library="SeleniumLibrary">
<arg>Name must be between 1-50 characters</arg>
<doc>Verifies that an alert is present and by default, accepts it.</doc>
<msg timestamp="20211213 12:06:06.409" level="INFO">HANDLE::&lt;class 'NoneType'&gt;::None</msg>
<status status="PASS" starttime="20211213 12:06:06.409" endtime="20211213 12:06:06.425"/>
</kw>
<kw name="Verify Invalid Bookmark Not Added">
<arg>test podcast2</arg>
<kw name="Add Bookmark Page Should Be Open" library="resource">
<kw name="Title Should Be" library="SeleniumLibrary">
<arg>Add bookmark</arg>
<doc>Verifies that the current page title equals ``title``.</doc>
<msg timestamp="20211213 12:06:06.435" level="INFO">Page title is 'Add bookmark'.</msg>
<status status="PASS" starttime="20211213 12:06:06.427" endtime="20211213 12:06:06.435"/>
</kw>
<status status="PASS" starttime="20211213 12:06:06.427" endtime="20211213 12:06:06.435"/>
</kw>
<kw name="Go to Main Page" library="resource">
<kw name="Go To" library="SeleniumLibrary">
<arg>${HOME URL}</arg>
<doc>Navigates the current browser window to the provided ``url``.</doc>
<msg timestamp="20211213 12:06:06.436" level="INFO">Opening url 'http://localhost:5000'</msg>
<status status="PASS" starttime="20211213 12:06:06.436" endtime="20211213 12:06:06.463"/>
</kw>
<status status="PASS" starttime="20211213 12:06:06.435" endtime="20211213 12:06:06.463"/>
</kw>
<kw name="Page Should Not Contain" library="SeleniumLibrary">
[...]
<msg timestamp="20211213 12:06:17.697" level="INFO">Opening url 'http://localhost:5000/login'</msg>
<status status="PASS" starttime="20211213 12:06:17.697" endtime="20211213 12:06:17.821"/>
</kw>
<kw name="Input Text" library="SeleniumLibrary">
<arg>username</arg>
<arg>testi</arg>
<doc>Types the given ``text`` into the text field identified by ``locator``.</doc>
<msg timestamp="20211213 12:06:17.821" level="INFO">Typing text 'testi' into text field 'username'.</msg>
<status status="PASS" starttime="20211213 12:06:17.821" endtime="20211213 12:06:17.912"/>
</kw>
<kw name="Input Text" library="SeleniumLibrary">
<arg>password</arg>
<arg>testi</arg>
<doc>Types the given ``text`` into the text field identified by ``locator``.</doc>
<msg timestamp="20211213 12:06:17.912" level="INFO">Typing text 'testi' into text field 'password'.</msg>
<status status="PASS" starttime="20211213 12:06:17.912" endtime="20211213 12:06:17.994"/>
</kw>
<kw name="Click Button" library="SeleniumLibrary">
<arg>submitLogin</arg>
<doc>Clicks the button identified by ``locator``.</doc>
<msg timestamp="20211213 12:06:17.994" level="INFO">Clicking button 'submitLogin'.</msg>
<status status="PASS" starttime="20211213 12:06:17.994" endtime="20211213 12:06:18.283"/>
</kw>
<status status="PASS" starttime="20211213 12:06:17.008" endtime="20211213 12:06:18.283"/>
</kw>
<test id="s1-s3-t1" name="Click Home Page Link">
<kw name="Go to Main Page" library="resource" type="SETUP">
<kw name="Go To" library="SeleniumLibrary">
<arg>${HOME URL}</arg>
<doc>Navigates the current browser window to the provided ``url``.</doc>
<msg timestamp="20211213 12:06:18.284" level="INFO">Opening url 'http://localhost:5000'</msg>
<status status="PASS" starttime="20211213 12:06:18.284" endtime="20211213 12:06:18.308"/>
</kw>
<status status="PASS" starttime="20211213 12:06:18.284" endtime="20211213 12:06:18.308"/>
</kw>
<kw name="Click Link" library="SeleniumLibrary">
<arg>Home page</arg>
<doc>Clicks a link identified by ``locator``.</doc>
<msg timestamp="20211213 12:06:18.309" level="INFO">Clicking link 'Home page'.</msg>
<status status="PASS" starttime="20211213 12:06:18.309" endtime="20211213 12:06:18.378"/>
</kw>
<kw name="Main Page Should Be Open" library="resource">
<kw name="Title Should Be" library="SeleniumLibrary">
<arg>Lukuvinkkikirjasto</arg>
<doc>Verifies that the current page title equals ``title``.</doc>
<msg timestamp="20211213 12:06:18.387" level="INFO">Page title is 'Lukuvinkkikirjasto'.</msg>
<status status="PASS" starttime="20211213 12:06:18.379" endtime="20211213 12:06:18.387"/>
</kw>
<status status="PASS" starttime="20211213 12:06:18.379" endtime="20211213 12:06:18.389"/>
</kw>
<status status="PASS" starttime="20211213 12:06:18.283" endtime="20211213 12:06:18.389"/>
</test>
<test id="s1-s3-t2" name="Click Add Bookmark Link">
<kw name="Go to Main Page" library="resource" type="SETUP">
<kw name="Go To" library="SeleniumLibrary">
<arg>${HOME URL}</arg>
<doc>Navigates the current browser window to the provided ``url``.</doc>
<msg timestamp="20211213 12:06:18.393" level="INFO">Opening url 'http://localhost:5000'</msg>
<status status="PASS" starttime="20211213 12:06:18.393" endtime="20211213 12:06:18.421"/>
</kw>
<status status="PASS" starttime="20211213 12:06:18.392" endtime="20211213 12:06:18.421"/>
</kw>
<kw name="Click Link" library="SeleniumLibrary">
<arg>addBookmark</arg>
<doc>Clicks a link identified by ``locator``.</doc>
<msg timestamp="20211213 12:06:18.422" level="INFO">Clicking link 'addBookmark'.</msg>
<status status="PASS" starttime="20211213 12:06:18.421" endtime="20211213 12:06:18.495"/>
</kw>
<kw name="Add Bookmark Page Should Be Open" library="resource">
<kw name="Title Should Be" library="SeleniumLibrary">
<arg>Add bookmark</arg>
<doc>Verifies that the current page title equals ``title``.</doc>
<msg timestamp="20211213 12:06:18.503" level="INFO">Page title is 'Add bookmark'.</msg>
<status status="PASS" starttime="20211213 12:06:18.495" endtime="20211213 12:06:18.503"/>
</kw>
<status status="PASS" starttime="20211213 12:06:18.495" endtime="20211213 12:06:18.503"/>
</kw>
<status status="PASS" starttime="20211213 12:06:18.392" endtime="20211213 12:06:18.503"/>
</test>
<kw name="Close Browser" library="SeleniumLibrary" type="TEARDOWN">
<doc>Closes the current browser.</doc>
<status status="PASS" starttime="20211213 12:06:18.504" endtime="20211213 12:06:18.561"/>
</kw>
<status status="PASS" starttime="20211213 12:06:17.004" endtime="20211213 12:06:18.561"/>
</suite>
<suite id="s1-s4" name="Login" source="/src/tests/login.robot">
<kw name="Open And Configure Browser" library="resource" type="SETUP">
<kw name="Open Browser" library="SeleniumLibrary">
<arg>browser=${BROWSER}</arg>
<arg>options= add_argument("--no-sandbox"); add_argument("--disable-dev-shm-usage")</arg>
<doc>Opens a new browser instance to the optional ``url``.</doc>
<msg timestamp="20211213 12:06:18.570" level="INFO">Opening browser 'headlesschrome' to base url 'None'.</msg>
<status status="PASS" starttime="20211213 12:06:18.569" endtime="20211213 12:06:19.257"/>
</kw>
<kw name="Set Selenium Speed" library="SeleniumLibrary">
<arg>${DELAY}</arg>
<doc>Sets the delay that is waited after each Selenium command.</doc>
<status status="PASS" starttime="20211213 12:06:19.257" endtime="20211213 12:06:19.257"/>
</kw>
<kw name="Go To" library="SeleniumLibrary">
<arg>${LOGIN URL}</arg>
<doc>Navigates the current browser window to the provided ``url``.</doc>
<msg timestamp="20211213 12:06:19.258" level="INFO">Opening url 'http://localhost:5000/login'</msg>
<status status="PASS" starttime="20211213 12:06:19.257" endtime="20211213 12:06:19.372"/>
</kw>
<kw name="Input Text" library="SeleniumLibrary">
<arg>username</arg>
<arg>testi</arg>
<doc>Types the given ``text`` into the text field identified by ``locator``.</doc>
<msg timestamp="20211213 12:06:19.373" level="INFO">Typing text 'testi' into text field 'username'.</msg>
<status status="PASS" starttime="20211213 12:06:19.372" endtime="20211213 12:06:19.460"/>
</kw>
<kw name="Input Text" library="SeleniumLibrary">
<arg>password</arg>
<arg>testi</arg>
<doc>Types the given ``text`` into the text field identified by ``locator``.</doc>
<msg timestamp="20211213 12:06:19.461" level="INFO">Typing text 'testi' into text field 'password'.</msg>
<status status="PASS" starttime="20211213 12:06:19.460" endtime="20211213 12:06:19.543"/>
</kw>
<kw name="Click Button" library="SeleniumLibrary">
<arg>submitLogin</arg>
<doc>Clicks the button identified by ``locator``.</doc>
<msg timestamp="20211213 12:06:19.544" level="INFO">Clicking button 'submitLogin'.</msg>
<status status="PASS" starttime="20211213 12:06:19.543" endtime="20211213 12:06:19.830"/>
</kw>
<status status="PASS" starttime="20211213 12:06:18.569" endtime="20211213 12:06:19.830"/>
</kw>
<test id="s1-s4-t1" name="Click Home Page Link">
<kw name="Go To Login Page And Log Out" type="SETUP">
<kw name="Go To" library="SeleniumLibrary">
<arg>${LOGOUT URL}</arg>
<doc>Navigates the current browser window to the provided ``url``.</doc>
<msg timestamp="20211213 12:06:19.831" level="INFO">Opening url 'http://localhost:5000/logout'</msg>
<status status="PASS" starttime="20211213 12:06:19.831" endtime="20211213 12:06:19.857"/>
</kw>
<kw name="Go to Login Page" library="resource">
<kw name="Go To" library="SeleniumLibrary">
<arg>${LOGIN URL}</arg>
<doc>Navigates the current browser window to the provided ``url``.</doc>
<msg timestamp="20211213 12:06:19.858" level="INFO">Opening url 'http://localhost:5000/login'</msg>
<status status="PASS" starttime="20211213 12:06:19.858" endtime="20211213 12:06:19.879"/>
</kw>
<status status="PASS" starttime="20211213 12:06:19.857" endtime="20211213 12:06:19.879"/>
</kw>
<status status="PASS" starttime="20211213 12:06:19.831" endtime="20211213 12:06:19.880"/>
</kw>
<kw name="Click Link" library="SeleniumLibrary">
<arg>Home page</arg>
<doc>Clicks a link identified by ``locator``.</doc>
<msg timestamp="20211213 12:06:19.880" level="INFO">Clicking link 'Home page'.</msg>
<status status="PASS" starttime="20211213 12:06:19.880" endtime="20211213 12:06:19.943"/>
</kw>
<kw name="Login Page Should Be Open" library="resource">
<kw name="Title Should Be" library="SeleniumLibrary">
<arg>Log In</arg>
<doc>Verifies that the current page title equals ``title``.</doc>
<msg timestamp="20211213 12:06:19.949" level="INFO">Page title is 'Log In'.</msg>
<status status="PASS" starttime="20211213 12:06:19.943" endtime="20211213 12:06:19.949"/>
</kw>
<status status="PASS" starttime="20211213 12:06:19.943" endtime="20211213 12:06:19.949"/>
</kw>
<kw name="Page Should Contain" library="SeleniumLibrary">
<arg>User not logged in</arg>
<doc>Verifies that current page contains ``text``.</doc>
<msg timestamp="20211213 12:06:19.962" level="INFO">Current page contains text 'User not logged in'.</msg>
<status status="PASS" starttime="20211213 12:06:19.949" endtime="20211213 12:06:19.962"/>
</kw>
<status status="PASS" starttime="20211213 12:06:19.830" endtime="20211213 12:06:19.963"/>
</test>
<test id="s1-s4-t2" name="Login With Invalid Username">
<kw name="Go To Login Page And Log Out" type="SETUP">
<kw name="Go To" library="SeleniumLibrary">
<arg>${LOGOUT URL}</arg>
<doc>Navigates the current browser window to the provided ``url``.</doc>
<msg timestamp="20211213 12:06:19.965" level="INFO">Opening url 'http://localhost:5000/logout'</msg>
<status status="PASS" starttime="20211213 12:06:19.964" endtime="20211213 12:06:19.990"/>
</kw>
<kw name="Go to Login Page" library="resource">
<kw name="Go To" library="SeleniumLibrary">
<arg>${LOGIN URL}</arg>
<doc>Navigates the current browser window to the provided ``url``.</doc>
<msg timestamp="20211213 12:06:19.991" level="INFO">Opening url 'http://localhost:5000/login'</msg>
<status status="PASS" starttime="20211213 12:06:19.990" endtime="20211213 12:06:20.012"/>
</kw>
<status status="PASS" starttime="20211213 12:06:19.990" endtime="20211213 12:06:20.012"/>
</kw>
<status status="PASS" starttime="20211213 12:06:19.964" endtime="20211213 12:06:20.013"/>
</kw>
<kw name="Set Username">
<arg>testi_notfound</arg>
<kw name="Input Text" library="SeleniumLibrary">
<arg>username</arg>
<arg>${username}</arg>
<doc>Types the given ``text`` into the text field identified by ``locator``.</doc>
<msg timestamp="20211213 12:06:20.014" level="INFO">Typing text 'testi_notfound' into text field 'username'.</msg>
<status status="PASS" starttime="20211213 12:06:20.013" endtime="20211213 12:06:20.110"/>
</kw>
<status status="PASS" starttime="20211213 12:06:20.013" endtime="20211213 12:06:20.110"/>
</kw>
<kw name="Set Password">
<arg>testi</arg>
<kw name="Input Text" library="SeleniumLibrary">
<arg>password</arg>
<arg>${password}</arg>
<doc>Types the given ``text`` into the text field identified by ``locator``.</doc>
<msg timestamp="20211213 12:06:20.111" level="INFO">Typing text 'testi' into text field 'password'.</msg>
<status status="PASS" starttime="20211213 12:06:20.111" endtime="20211213 12:06:20.190"/>
</kw>
<status status="PASS" starttime="20211213 12:06:20.110" endtime="20211213 12:06:20.191"/>
</kw>
<kw name="Submit Login">
<kw name="Click Button" library="SeleniumLibrary">
<arg>submitLogin</arg>
<doc>Clicks the button identified by ``locator``.</doc>
<msg timestamp="20211213 12:06:20.192" level="INFO">Clicking button 'submitLogin'.</msg>
<status status="PASS" starttime="20211213 12:06:20.191" endtime="20211213 12:06:20.260"/>
</kw>
<status status="PASS" starttime="20211213 12:06:20.191" endtime="20211213 12:06:20.260"/>
</kw>
<kw name="Login Page Should Be Open" library="resource">
<kw name="Title Should Be" library="SeleniumLibrary">
<arg>Log In</arg>
<doc>Verifies that the current page title equals ``title``.</doc>
<msg timestamp="20211213 12:06:20.266" level="INFO">Page title is 'Log In'.</msg>
<status status="PASS" starttime="20211213 12:06:20.261" endtime="20211213 12:06:20.266"/>
</kw>
<status status="PASS" starttime="20211213 12:06:20.260" endtime="20211213 12:06:20.267"/>
</kw>
<kw name="Page Should Contain" library="SeleniumLibrary">
<arg>Username and password not matching</arg>
<doc>Verifies that current page contains ``text``.</doc>
<msg timestamp="20211213 12:06:20.280" level="INFO">Current page contains text 'Username and password not matching'.</msg>
<status status="PASS" starttime="20211213 12:06:20.267" endtime="20211213 12:06:20.280"/>
</kw>
<status status="PASS" starttime="20211213 12:06:19.963" endtime="20211213 12:06:20.280"/>
</test>
<test id="s1-s4-t3" name="Login With Invalid Password">
<kw name="Go To Login Page And Log Out" type="SETUP">
<kw name="Go To" library="SeleniumLibrary">
<arg>${LOGOUT URL}</arg>
<doc>Navigates the current browser window to the provided ``url``.</doc>
<msg timestamp="20211213 12:06:20.284" level="INFO">Opening url 'http://localhost:5000/logout'</msg>
<status status="PASS" starttime="20211213 12:06:20.283" endtime="20211213 12:06:20.308"/>
</kw>
<kw name="Go to Login Page" library="resource">
<kw name="Go To" library="SeleniumLibrary">
<arg>${LOGIN URL}</arg>
<doc>Navigates the current browser window to the provided ``url``.</doc>
<msg timestamp="20211213 12:06:20.309" level="INFO">Opening url 'http://localhost:5000/login'</msg>
<status status="PASS" starttime="20211213 12:06:20.309" endtime="20211213 12:06:20.329"/>
</kw>
<status status="PASS" starttime="20211213 12:06:20.309" endtime="20211213 12:06:20.330"/>
</kw>
<status status="PASS" starttime="20211213 12:06:20.283" endtime="20211213 12:06:20.330"/>
</kw>
<kw name="Set Username">
<arg>testi</arg>
<kw name="Input Text" library="SeleniumLibrary">
<arg>username</arg>
<arg>${username}</arg>
<doc>Types the given ``text`` into the text field identified by ``locator``.</doc>
<msg timestamp="20211213 12:06:20.331" level="INFO">Typing text 'testi' into text field 'username'.</msg>
<status status="PASS" starttime="20211213 12:06:20.330" endtime="20211213 12:06:20.413"/>
</kw>
<status status="PASS" starttime="20211213 12:06:20.330" endtime="20211213 12:06:20.413"/>
</kw>
<kw name="Set Password">
<arg>testi2</arg>
<kw name="Input Text" library="SeleniumLibrary">
<arg>password</arg>
<arg>${password}</arg>
<doc>Types the given ``text`` into the text field identified by ``locator``.</doc>
<msg timestamp="20211213 12:06:20.414" level="INFO">Typing text 'testi2' into text field 'password'.</msg>
<status status="PASS" starttime="20211213 12:06:20.413" endtime="20211213 12:06:20.496"/>
</kw>
<status status="PASS" starttime="20211213 12:06:20.413" endtime="20211213 12:06:20.496"/>
</kw>
<kw name="Submit Login">
<kw name="Click Button" library="SeleniumLibrary">
<arg>submitLogin</arg>
<doc>Clicks the button identified by ``locator``.</doc>
<msg timestamp="20211213 12:06:20.497" level="INFO">Clicking button 'submitLogin'.</msg>
<status status="PASS" starttime="20211213 12:06:20.497" endtime="20211213 12:06:20.757"/>
</kw>
<status status="PASS" starttime="20211213 12:06:20.496" endtime="20211213 12:06:20.757"/>
</kw>
<kw name="Login Page Should Be Open" library="resource">
<kw name="Title Should Be" library="SeleniumLibrary">
<arg>Log In</arg>
<doc>Verifies that the current page title equals ``title``.</doc>
<msg timestamp="20211213 12:06:20.761" level="INFO">Page title is 'Log In'.</msg>
<status status="PASS" starttime="20211213 12:06:20.757" endtime="20211213 12:06:20.761"/>
</kw>
<status status="PASS" starttime="20211213 12:06:20.757" endtime="20211213 12:06:20.761"/>
</kw>
<kw name="Page Should Contain" library="SeleniumLibrary">
<arg>Username and password not matching</arg>
<doc>Verifies that current page contains ``text``.</doc>
<msg timestamp="20211213 12:06:20.771" level="INFO">Current page contains text 'Username and password not matching'.</msg>
<status status="PASS" starttime="20211213 12:06:20.761" endtime="20211213 12:06:20.771"/>
</kw>
<status status="PASS" starttime="20211213 12:06:20.282" endtime="20211213 12:06:20.771"/>
</test>
<test id="s1-s4-t4" name="Login With Valid Credentials">
<kw name="Go To Login Page And Log Out" type="SETUP">
<kw name="Go To" library="SeleniumLibrary">
<arg>${LOGOUT URL}</arg>
<doc>Navigates the current browser window to the provided ``url``.</doc>
<msg timestamp="20211213 12:06:20.778" level="INFO">Opening url 'http://localhost:5000/logout'</msg>
<status status="PASS" starttime="20211213 12:06:20.778" endtime="20211213 12:06:20.802"/>
</kw>
<kw name="Go to Login Page" library="resource">
<kw name="Go To" library="SeleniumLibrary">
<arg>${LOGIN URL}</arg>
<doc>Navigates the current browser window to the provided ``url``.</doc>
<msg timestamp="20211213 12:06:20.803" level="INFO">Opening url 'http://localhost:5000/login'</msg>
<status status="PASS" starttime="20211213 12:06:20.803" endtime="20211213 12:06:20.824"/>
</kw>
<status status="PASS" starttime="20211213 12:06:20.803" endtime="20211213 12:06:20.824"/>
</kw>
<status status="PASS" starttime="20211213 12:06:20.778" endtime="20211213 12:06:20.825"/>
</kw>
<kw name="Set Username">
<arg>testi</arg>
<kw name="Input Text" library="SeleniumLibrary">
<arg>username</arg>
<arg>${username}</arg>
<doc>Types the given ``text`` into the text field identified by ``locator``.</doc>
<msg timestamp="20211213 12:06:20.826" level="INFO">Typing text 'testi' into text field 'username'.</msg>
<status status="PASS" starttime="20211213 12:06:20.825" endtime="20211213 12:06:20.911"/>
</kw>
<status status="PASS" starttime="20211213 12:06:20.825" endtime="20211213 12:06:20.911"/>
</kw>
<kw name="Set Password">
<arg>testi</arg>
<kw name="Input Text" library="SeleniumLibrary">
<arg>password</arg>
<arg>${password}</arg>
<doc>Types the given ``text`` into the text field identified by ``locator``.</doc>
<msg timestamp="20211213 12:06:20.912" level="INFO">Typing text 'testi' into text field 'password'.</msg>
<status status="PASS" starttime="20211213 12:06:20.912" endtime="20211213 12:06:20.996"/>
</kw>
<status status="PASS" starttime="20211213 12:06:20.911" endtime="20211213 12:06:20.996"/>
</kw>
<kw name="Submit Login">
<kw name="Click Button" library="SeleniumLibrary">
<arg>submitLogin</arg>
<doc>Clicks the button identified by ``locator``.</doc>
<msg timestamp="20211213 12:06:20.997" level="INFO">Clicking button 'submitLogin'.</msg>
<status status="PASS" starttime="20211213 12:06:20.997" endtime="20211213 12:06:21.268"/>
</kw>
<status status="PASS" starttime="20211213 12:06:20.996" endtime="20211213 12:06:21.268"/>
</kw>
<kw name="Main Page Should Be Open" library="resource">
<kw name="Title Should Be" library="SeleniumLibrary">
<arg>Lukuvinkkikirjasto</arg>
<doc>Verifies that the current page title equals ``title``.</doc>
<msg timestamp="20211213 12:06:21.272" level="INFO">Page title is 'Lukuvinkkikirjasto'.</msg>
<status status="PASS" starttime="20211213 12:06:21.268" endtime="20211213 12:06:21.272"/>
</kw>
<status status="PASS" starttime="20211213 12:06:21.268" endtime="20211213 12:06:21.272"/>
</kw>
<status status="PASS" starttime="20211213 12:06:20.772" endtime="20211213 12:06:21.273"/>
</test>
<kw name="Close Browser" library="SeleniumLibrary" type="TEARDOWN">
<doc>Closes the current browser.</doc>
<status status="PASS" starttime="20211213 12:06:21.274" endtime="20211213 12:06:21.330"/>
</kw>
<status status="PASS" starttime="20211213 12:06:18.564" endtime="20211213 12:06:21.331"/>
</suite>
<status status="PASS" starttime="20211213 12:05:56.694" endtime="20211213 12:06:21.335"/>
</suite>
<statistics>
<total>
<stat pass="44" fail="0" skip="0">All Tests</stat>
</total>
<tag>
</tag>
<suite>
<stat pass="44" fail="0" skip="0" id="s1" name="Tests">Tests</stat>
<stat pass="30" fail="0" skip="0" id="s1-s1" name="Add Bookmark">Tests.Add Bookmark</stat>
<stat pass="8" fail="0" skip="0" id="s1-s2" name="Create">Tests.Create</stat>
<stat pass="2" fail="0" skip="0" id="s1-s3" name="Home">Tests.Home</stat>
<stat pass="4" fail="0" skip="0" id="s1-s4" name="Login">Tests.Login</stat>
</suite>
</statistics>
<errors>
</errors>
</robot>
